Mono path[0] = '/home/bears_bears/Unity_projects/Flappy_bird/Builds/Linux_server/6_rand/Flappy_bird_RL_rand_6_Data/Managed'
Mono config path = '/home/bears_bears/Unity_projects/Flappy_bird/Builds/Linux_server/6_rand/Flappy_bird_RL_rand_6_Data/MonoBleedingEdge/etc'
Preloaded 'lib_burst_generated.so'
Preloaded 'libgrpc_csharp_ext.x64.so'
Initialize engine version: 2022.2.11f1 (621cd60d08fd)
[Subsystems] Discovering subsystems at path /home/bears_bears/Unity_projects/Flappy_bird/Builds/Linux_server/6_rand/Flappy_bird_RL_rand_6_Data/UnitySubsystems
Forcing GfxDevice: Null
GfxDevice: creating device client; threaded=0; jobified=0
NullGfxDevice:
    Version:  NULL 1.0 [1.0]
    Renderer: Null Device
    Vendor:   Unity Technologies
Begin MonoManager ReloadAssembly
- Loaded All Assemblies, in  1.830 seconds
- Finished resetting the current domain, in  0.046 seconds
ERROR: Shader Sprites/Default shader is not supported on this GPU (none of subshaders/fallbacks are suitable)
ERROR: Shader Sprites/Mask shader is not supported on this GPU (none of subshaders/fallbacks are suitable)
ERROR: Shader Unlit/Texture shader is not supported on this GPU (none of subshaders/fallbacks are suitable)
ERROR: Shader GUI/Text Shader shader is not supported on this GPU (none of subshaders/fallbacks are suitable)
UnloadTime: 1.227495 ms
requesting resize 84 x 84
