Mono path[0] = 'Z:/Git/Flappy_bird/Builds/Windows/Curr8/Flappy_bird_Data/Managed'
Mono config path = 'Z:/Git/Flappy_bird/Builds/Windows/Curr8/MonoBleedingEdge/etc'
Initialize engine version: 2022.2.11f1 (621cd60d08fd)
[Subsystems] Discovering subsystems at path Z:/Git/Flappy_bird/Builds/Windows/Curr8/Flappy_bird_Data/UnitySubsystems
Forcing GfxDevice: Null
GfxDevice: creating device client; threaded=0; jobified=0
NullGfxDevice:
    Version:  NULL 1.0 [1.0]
    Renderer: Null Device
    Vendor:   Unity Technologies
Begin MonoManager ReloadAssembly
- Loaded All Assemblies, in  0.185 seconds
- Finished resetting the current domain, in  0.002 seconds
ERROR: Shader Sprites/Default shader is not supported on this GPU (none of subshaders/fallbacks are suitable)
Microsoft Media Foundation video decoding to texture disabled: graphics device is Null, only Direct3D 11 and Direct3D 12 (only on desktop) are supported for hardware-accelerated video decoding.
ERROR: Shader Sprites/Mask shader is not supported on this GPU (none of subshaders/fallbacks are suitable)
ERROR: Shader Unlit/Texture shader is not supported on this GPU (none of subshaders/fallbacks are suitable)
UnloadTime: 2.208500 ms
0
5.5
5.5
5.5
5.5
4.735801
3.971602
3.207403
2.443204
1.679005
0.9148062
0.1506072
-0.6135917
-1.377791
-2.14199
-2.906189
-3.670388
-4.434587
-5.198785
-5.962984
-6.727183
-7.491382
-8.255581
-9.01978
-9.783979
5.5
5.5
5.5
5.5
5.5
4.735801
3.971602
3.207403
2.443204
1.679005
0.9148062
0.1506072
-0.6135917
-1.377791
-2.14199
-2.906189
-3.670388
-4.434587
-5.198785
-5.962984
5.5
5.5
5.5
5.5
5.5
4.735801
3.971602
3.207403
2.443204
1.679005
5.5
5.5
5.5
5.5
5.5
5.5
5.5
5.5
5.5
5.5
4.735801
3.971602
3.207403
0
-0.764199
5.5
5.5
5.5
5.5
5.5
4.735801
3.971602
3.207403
2.443204
1.679005
0.9148062
0.1506072
-0.6135917
-1.377791
-2.14199
-2.906189
-3.670388
-4.434587
-5.198785
-5.962984
5.5
5.5
5.5
5.5
5.5
5.5
5.5
5.5
5.5
5.5
4.735801
3.971602
3.207403
2.443204
1.679005
0.9148062
0.1506072
-0.6135917
-1.377791
-2.14199
-2.906189
-3.670388
-4.434587
-5.198785
-5.962984
5.5
5.5
5.5
5.5
5.5
5.5
5.5
5.5
5.5
5.5
4.735801
3.971602
3.207403
2.443204
1.679005
5.5
5.5
5.5
5.5
5.5
4.735801
3.971602
3.207403
2.443204
1.679005
0.9148062
0.1506072
-0.6135917
-1.377791
-2.14199
5.5
5.5
5.5
5.5
5.5
5.5
0
-0.764199
-1.528398
-2.292597
5.5
5.5
5.5
5.5
5.5
5.5
5.5
5.5
5.5
5.5
5.5
5.5
5.5
5.5
5.5
4.735801
3.971602
3.207403
2.443204
1.679005
0.9148062
0.1506072
-0.6135917
-1.377791
-2.14199
-2.906189
-3.670388
-4.434587
-5.198785
-5.962984
-6.727183
-7.491382
-8.255581
-9.01978
-9.783979
-10.54818
-11.31238
-12.07658
0
-0.764199
-1.528398
-2.292597
-3.056796
-3.820995
-4.585194
-5.349392
-6.113591
-6.87779
-7.641989
-8.406188
5.5
5.5
5.5
5.5
5.5
5.5
5.5
5.5
5.5
5.5
4.735801
3.971602
3.207403
2.443204
1.679005
0.9148062
0.1506072
-0.6135917
-1.377791
-2.14199
5.5
5.5
5.5
5.5
5.5
5.5
5.5
5.5
5.5
5.5
4.735801
3.971602
3.207403
2.443204
1.679005
0.9148062
0.1506072
-0.6135917
-1.377791
-2.14199
5.5
5.5
5.5
5.5
5.5
4.735801
3.971602
0
-0.764199
-1.528398
-2.292597
-3.056796
-3.820995
-4.585194
-5.349392
5.5
5.5
5.5
5.5
5.5
5.5
5.5
5.5
-0.764199
-1.528398
-2.292597
-3.056796
-3.820995
-4.585194
-5.349392
-6.113591
-6.87779
-7.641989
-8.406188
-9.170387
5.5
5.5
5.5
5.5
5.5
5.5
5.5
5.5
5.5
5.5
4.735801
3.971602
3.207403
2.443204
1.679005
0.9148062
0.1506072
-0.6135917
-1.377791
-2.14199
5.5
5.5
5.5
5.5
5.5
5.5
5.5
5.5
5.5
5.5
5.5
5.5
5.5
5.5
5.5
5.5
5.5
5.5
5.5
5.5
5.5
5.5
5.5
5.5
5.5
4.735801
3.971602
3.207403
2.443204
1.679005
0.9148062
0.1506072
-0.6135917
-1.377791
-2.14199
5.5
5.5
5.5
5.5
5.5
5.5
5.5
5.5
5.5
5.5
5.5
5.5
5.5
5.5
5.5
5.5
5.5
5.5
5.5
5.5
5.5
5.5
5.5
5.5
5.5
5.5
5.5
5.5
5.5
5.5
5.5
5.5
5.5
5.5
5.5
4.735801
3.971602
3.207403
2.443204
1.679005
5.5
5.5
5.5
5.5
5.5
5.5
5.5
5.5
5.5
5.5
5.5
5.5
5.5
5.5
5.5
4.735801
3.971602
3.207403
2.443204
1.679005
0.9148062
0.1506072
-0.6135917
-1.377791
-2.14199
5.5
5.5
5.5
0
-0.764199
5.5
5.5
5.5
5.5
5.5
-0.764199
-1.528398
-2.292597
-3.056796
-3.820995
-4.585194
-5.349392
-6.113591
-6.87779
-7.641989
-8.406188
-9.170387
-9.934587
-10.69879
-11.46299
5.5
5.5
5.5
5.5
5.5
5.5
5.5
5.5
5.5
5.5
4.735801
3.971602
3.207403
2.443204
1.679005
5.5
5.5
5.5
5.5
5.5
4.735801
3.971602
3.207403
2.443204
1.679005
5.5
5.5
5.5
0
-0.764199
5.5
5.5
5.5
5.5
5.5
5.5
5.5
5.5
5.5
5.5
5.5
5.5
5.5
5.5
5.5
4.735801
3.971602
3.207403
2.443204
1.679005
5.5
5.5
5.5
5.5
5.5
4.735801
3.971602
3.207403
2.443204
1.679005
5.5
5.5
5.5
5.5
5.5
5.5
5.5
5.5
5.5
5.5
4.735801
3.971602
3.207403
2.443204
1.679005
5.5
5.5
5.5
5.5
5.5
4.735801
3.971602
3.207403
2.443204
1.679005
5.5
5.5
5.5
5.5
5.5
5.5
5.5
5.5
5.5
5.5
4.735801
3.971602
3.207403
2.443204
1.679005
5.5
5.5
5.5
5.5
5.5
4.735801
3.971602
3.207403
2.443204
1.679005
5.5
5.5
5.5
5.5
5.5
4.735801
3.971602
3.207403
2.443204
1.679005
5.5
5.5
5.5
5.5
5.5
0.001458168
-0.7627408
-1.52694
-2.291139
-3.055338
5.5
5.5
5.5
5.5
5.5
5.5
5.5
5.5
5.5
5.5
0
-0.764199
-1.528398
-2.292597
-3.056796
5.5
5.5
5.5
5.5
5.5
5.5
5.5
0
-0.764199
-1.528398
5.5
5.5
5.5
5.5
5.5
4.735801
3.971602
3.207403
2.443204
1.679005
5.5
5.5
5.5
5.5
5.5
5.5
5.5
5.5
5.5
5.5
5.5
5.5
5.5
5.5
5.5
5.5
5.5
5.5
5.5
5.5
5.5
5.5
5.5
5.5
5.5
4.735801
3.971602
3.207403
0
-0.764199
-1.528398
-2.292597
-3.056796
-3.820995
-4.585194
5.5
5.5
5.5
5.5
5.5
4.735801
3.971602
3.207403
2.443204
1.679005
5.5
5.5
5.5
5.5
5.5
5.5
5.5
5.5
5.5
5.5
0
-0.764199
-1.528398
-2.292597
-3.056796
5.5
5.5
5.5
5.5
5.5
5.5
5.5
5.5
5.5
5.5
0
-0.764199
-1.528398
-2.292597
-3.056796
-3.820995
-4.585194
-5.349392
0
-0.764199
-1.528398
-2.292597
-3.056796
-3.820995
-4.585194
-5.349392
-6.113591
-6.87779
-7.641989
-8.406188
5.5
5.5
5.5
5.5
5.5
4.735801
3.971602
3.207403
2.443204
1.679005
0.9148062
0.1506072
-0.6135917
-1.377791
-2.14199
5.5
5.5
5.5
5.5
5.5
4.735801
3.971602
3.207403
2.443204
1.679005
0.9148062
0.1506072
-0.6135917
-1.377791
-2.14199
-2.906189
-3.670388
-4.434587
-5.198785
-5.962984
5.5
5.5
5.5
5.5
5.5
4.735801
3.971602
3.207403
2.443204
0
-0.764199
-1.528398
-2.292597
-3.056796
-3.820995
-4.585194
-5.349392
-6.113591
-6.87779
-7.641989
-8.406188
-9.170387
-9.934587
-10.69879
-11.46299
-12.22718
-12.99138
-13.75558
-14.51978
-15.28398
5.5
5.5
5.5
5.5
5.5
4.735801
3.971602
3.207403
2.443204
1.679005
5.5
5.5
5.5
5.5
5.5
4.735801
3.971602
3.207403
2.443204
1.679005
5.5
5.5
5.5
5.5
5.5
5.5
5.5
0
-0.764199
-1.528398
-2.292597
-3.056796
-3.820995
-4.585194
-5.349392
-6.113591
-6.87779
-7.641989
-8.406188
-9.170387
5.5
5.5
5.5
5.5
5.5
4.735801
3.971602
3.207403
2.443204
1.679005
5.5
5.5
5.5
5.5
5.5
5.5
5.5
5.5
5.5
5.5
5.5
5.5
5.5
5.5
5.5
5.5
5.5
0
-0.764199
-1.528398
5.5
5.5
5.5
5.5
5.5
5.5
5.5
5.5
5.5
5.5
5.5
5.5
5.5
5.5
5.5
5.5
5.5
5.5
5.5
5.5
5.5
5.5
5.5
5.5
5.5
4.735801
3.971602
3.207403
2.443204
1.679005
0.9148062
0.1506072
-0.6135917
-1.377791
-2.14199
5.5
5.5
5.5
5.5
5.5
5.5
5.5
5.5
5.5
5.5
4.735801
3.971602
3.207403
2.443204
1.679005
5.5
5.5
0
-0.764199
-1.528398
5.5
5.5
5.5
5.5
5.5
5.5
5.5
-0.764199
-1.528398
-2.292597
-3.056796
-3.820995
-4.585194
-5.349392
-6.113591
-6.87779
-7.641989
-8.406188
-9.170387
-9.934587
-10.69879
-11.46299
-12.22718
-12.99138
-13.75558
5.5
5.5
5.5
5.5
5.5
4.735801
3.971602
3.207403
2.443204
1.679005
0.9148062
0.1506072
-0.6135917
-1.377791
-2.14199
-2.906189
-3.670388
-4.434587
-5.198785
-5.962984
5.5
5.5
5.5
-0.764199
-1.528398
5.5
5.5
5.5
5.5
5.5
4.735801
3.971602
3.207403
2.443204
1.679005
0.9148062
0.1506072
-0.6135917
-1.377791
-2.14199
-2.906189
-3.670388
-4.434587
-5.198785
-5.962984
-6.727183
-7.491382
-8.255581
-9.01978
-9.783979
5.5
5.5
5.5
5.5
5.5
5.5
5.5
5.5
5.5
5.5
5.5
5.5
5.5
5.5
5.5
5.5
5.5
5.5
5.5
5.5
5.5
5.5
5.5
0
-0.764199
-1.528398
-2.292597
-3.056796
-3.820995
-4.585194
5.5
5.5
5.5
5.5
5.5
4.735801
3.971602
3.207403
2.443204
1.679005
0.9148062
0.1506072
-0.6135917
-1.377791
-2.14199
-2.906189
-3.670388
-4.434587
-5.198785
-5.962984
5.5
5.5
5.5
5.5
5.5
4.735801
3.971602
3.207403
2.443204
1.679005
5.5
5.5
5.5
5.5
0
5.5
5.5
5.5
5.5
5.5
5.5
5.5
5.5
5.5
5.5
5.5
5.5
5.5
5.5
5.5
4.735801
3.971602
3.207403
2.443204
1.679005
5.5
5.5
5.5
5.5
5.5
5.5
5.5
5.5
5.5
5.5
4.735801
3.971602
3.207403
2.443204
1.679005
0.9148062
0.1506072
-0.6135917
-1.377791
-2.14199
-2.906189
-3.670388
-4.434587
-5.198785
-5.962984
-6.727183
-7.491382
-8.255581
-9.01978
-9.783979
-10.54818
-11.31238
-12.07658
-12.84078
-13.60498
-14.36917
-15.13337
-15.89757
-16.66177
-17.42597
5.5
0
-0.764199
-1.528398
-2.292597
-3.056796
-3.820995
-4.585194
-5.349392
-6.113591
5.5
5.5
5.5
5.5
5.5
4.735801
3.971602
3.207403
2.443204
1.679005
0.9148062
0.1506072
-0.6135917
-1.377791
-2.14199
5.5
5.5
5.5
5.5
5.5
