Mono path[0] = 'Z:/Git/Flappy_bird/Builds/Windows/Curr30/Flappy_bird_Data/Managed'
Mono config path = 'Z:/Git/Flappy_bird/Builds/Windows/Curr30/MonoBleedingEdge/etc'
Initialize engine version: 2022.2.11f1 (621cd60d08fd)
[Subsystems] Discovering subsystems at path Z:/Git/Flappy_bird/Builds/Windows/Curr30/Flappy_bird_Data/UnitySubsystems
Forcing GfxDevice: Null
GfxDevice: creating device client; threaded=0; jobified=0
NullGfxDevice:
    Version:  NULL 1.0 [1.0]
    Renderer: Null Device
    Vendor:   Unity Technologies
Begin MonoManager ReloadAssembly
Failed loading assembly Managed/Unity.Mathematics.dll reason: Not enough space
Loading assembly failed: "Managed/Unity.Mathematics.dll" reason: Not enough space
Failed loading assembly Managed/Google.Protobuf.dll reason: Not enough space
Loading assembly failed: "Managed/Google.Protobuf.dll" reason: Not enough space
Failed loading assembly Managed/Grpc.Core.dll reason: Not enough space
Loading assembly failed: "Managed/Grpc.Core.dll" reason: Not enough space
Failed loading assembly Managed/System.IO.Abstractions.TestingHelpers.dll reason: Not enough space
Loading assembly failed: "Managed/System.IO.Abstractions.TestingHelpers.dll" reason: Not enough space
- Loaded All Assemblies, in  0.331 seconds
- Finished resetting the current domain, in  0.003 seconds

=================================================================
	Native Crash Reporting
=================================================================
Got a UNKNOWN while executing native code. This usually indicates
a fatal error in the mono runtime or one of the native libraries 
used by your application.
=================================================================

=================================================================
	Managed Stacktrace:
=================================================================
=================================================================
Crash!!!
  ERROR: Error while initializing dbghelp.dll, GetLastError: 'The operation completed successfully.' (Address: 0000000000000000)

========== OUTPUTTING STACK TRACE ==================

  ERROR: Error while initializing dbghelp.dll, GetLastError: 'The operation completed successfully.' (Address: 0000000000000000)

========== END OF STACKTRACE ===========

A crash has been intercepted by the crash handler. For call stack and other details, see the latest crash report generated in:
 * C:/Users/Kevinn/AppData/Local/Temp/DefaultCompany/Flappy_bird/Crashes
