Mono path[0] = '/home/bears_bears/Unity_projects/Flappy_bird/Builds/Linux_server/4_curr/Flappy_bird_RL_curriculum_4_Data/Managed'
Mono config path = '/home/bears_bears/Unity_projects/Flappy_bird/Builds/Linux_server/4_curr/Flappy_bird_RL_curriculum_4_Data/MonoBleedingEdge/etc'
Preloaded 'lib_burst_generated.so'
Preloaded 'libgrpc_csharp_ext.x64.so'
Initialize engine version: 2022.2.11f1 (621cd60d08fd)
[Subsystems] Discovering subsystems at path /home/bears_bears/Unity_projects/Flappy_bird/Builds/Linux_server/4_curr/Flappy_bird_RL_curriculum_4_Data/UnitySubsystems
Forcing GfxDevice: Null
GfxDevice: creating device client; threaded=0; jobified=0
NullGfxDevice:
    Version:  NULL 1.0 [1.0]
    Renderer: Null Device
    Vendor:   Unity Technologies
ALSA lib pcm_dmix.c:1075:(snd_pcm_dmix_open) unable to open slave
FMOD failed to initialize the output device.: "Error initializing output device. " (60)
Forced to initialize FMOD to to the device driver's system output rate 48000, this may impact performance and/or give inconsistent experiences compared to selected sample rate 48000
ALSA lib pcm_dmix.c:1075:(snd_pcm_dmix_open) unable to open slave
FMOD failed to initialize the output device.: "Error initializing output device. " (60)
FMOD initialized on nosound output
Begin MonoManager ReloadAssembly
- Loaded All Assemblies, in  3.189 seconds
- Finished resetting the current domain, in  0.004 seconds
ERROR: Shader Sprites/Default shader is not supported on this GPU (none of subshaders/fallbacks are suitable)
ERROR: Shader Sprites/Mask shader is not supported on this GPU (none of subshaders/fallbacks are suitable)
ERROR: Shader Unlit/Texture shader is not supported on this GPU (none of subshaders/fallbacks are suitable)
ERROR: Shader GUI/Text Shader shader is not supported on this GPU (none of subshaders/fallbacks are suitable)
UnloadTime: 1.294629 ms
First obs
First obs
requesting resize 84 x 84
First obs
First obs
First obs
First obs
First obs
First obs
First obs
First obs
First obs
First obs
First obs
First obs
First obs
First obs
First obs
First obs
First obs
First obs
First obs
First obs
First obs
First obs
First obs
First obs
First obs
First obs
First obs
First obs
First obs
First obs
First obs
First obs
First obs
First obs
First obs
First obs
First obs
First obs
First obs
First obs
First obs
First obs
First obs
First obs
First obs
First obs
First obs
First obs
First obs
First obs
First obs
First obs
First obs
First obs
First obs
First obs
First obs
First obs
First obs
First obs
First obs
First obs
First obs
First obs
First obs
First obs
First obs
First obs
First obs
First obs
First obs
First obs
First obs
First obs
First obs
First obs
First obs
First obs
First obs
First obs
First obs
First obs
First obs
First obs
First obs
First obs
Internal: deleting an allocation that is older than its permitted lifetime of 4 frames (age = 11)
Internal: deleting an allocation that is older than its permitted lifetime of 4 frames (age = 11)
First obs
First obs
First obs
First obs
First obs
First obs
First obs
First obs
First obs
First obs
First obs
First obs
First obs
First obs
First obs
First obs
First obs
X connection to :1 broken (explicit kill or server shutdown).
