Mono path[0] = 'Z:/Git/Flappy_bird/Builds/Windows/Curr6/Flappy_bird_Data/Managed'
Mono config path = 'Z:/Git/Flappy_bird/Builds/Windows/Curr6/MonoBleedingEdge/etc'
Initialize engine version: 2022.2.11f1 (621cd60d08fd)
[Subsystems] Discovering subsystems at path Z:/Git/Flappy_bird/Builds/Windows/Curr6/Flappy_bird_Data/UnitySubsystems
Forcing GfxDevice: Null
GfxDevice: creating device client; threaded=0; jobified=0
NullGfxDevice:
    Version:  NULL 1.0 [1.0]
    Renderer: Null Device
    Vendor:   Unity Technologies
Begin MonoManager ReloadAssembly
- Loaded All Assemblies, in  0.185 seconds
- Finished resetting the current domain, in  0.002 seconds
ERROR: Shader Sprites/Default shader is not supported on this GPU (none of subshaders/fallbacks are suitable)
Microsoft Media Foundation video decoding to texture disabled: graphics device is Null, only Direct3D 11 and Direct3D 12 (only on desktop) are supported for hardware-accelerated video decoding.
ERROR: Shader Sprites/Mask shader is not supported on this GPU (none of subshaders/fallbacks are suitable)
ERROR: Shader Unlit/Texture shader is not supported on this GPU (none of subshaders/fallbacks are suitable)
ERROR: Shader GUI/Text Shader shader is not supported on this GPU (none of subshaders/fallbacks are suitable)
UnloadTime: 1.515300 ms
Unexpected exception when trying to initialize communication: System.OutOfMemoryException: Out of memory
  at (wrapper managed-to-native) System.String.FastAllocateString(int)
  at System.Text.StringBuilder.ToString () [0x00014] in <27586baf39bf4babbfd8a2caabe8e228>:0 
  at System.IO.StreamReader.ReadToEnd () [0x00069] in <27586baf39bf4babbfd8a2caabe8e228>:0 
  at Grpc.Core.Internal.DefaultSslRootsOverride.Override (Grpc.Core.Internal.NativeMethods native) [0x0004c] in <2f154ad39ec14cfea604815989d96352>:0 
  at Grpc.Core.Internal.NativeExtension..ctor () [0x00021] in <2f154ad39ec14cfea604815989d96352>:0 
  at Grpc.Core.Internal.NativeExtension.Get () [0x00022] in <2f154ad39ec14cfea604815989d96352>:0 
  at Grpc.Core.Internal.NativeMethods.Get () [0x00000] in <2f154ad39ec14cfea604815989d96352>:0 
  at Grpc.Core.GrpcEnvironment.GrpcNativeInit () [0x00000] in <2f154ad39ec14cfea604815989d96352>:0 
  at Grpc.Core.GrpcEnvironment..ctor () [0x0001e] in <2f154ad39ec14cfea604815989d96352>:0 
  at Grpc.Core.GrpcEnvironment.AddRef () [0x00028] in <2f154ad39ec14cfea604815989d96352>:0 
  at Grpc.Core.Channel..ctor (System.String target, Grpc.Core.ChannelCredentials credentials, System.Collections.Generic.IEnumerable`1[T] options) [0x00051] in <2f154ad39ec14cfea604815989d96352>:0 
  at Grpc.Core.Channel..ctor (System.String target, Grpc.Core.ChannelCredentials credentials) [0x00000] in <2f154ad39ec14cfea604815989d96352>:0 
  at Unity.MLAgents.RpcCommunicator.Initialize (System.Int32 port, Unity.MLAgents.CommunicatorObjects.UnityOutputProto unityOutput, Unity.MLAgents.CommunicatorObjects.UnityInputProto& unityInput) [0x0001d] in <24dee94e3af949de9445383251b1e643>:0 
  at Unity.MLAgents.RpcCommunicator.Initialize (Unity.MLAgents.CommunicatorInitParameters initParameters, Unity.MLAgents.UnityRLInitParameters& initParametersOut) [0x0004e] in <24dee94e3af949de9445383251b1e643>:0 
Couldn't connect to trainer on port 5023 using API version 1.5.0. Will perform inference instead.
