Mono path[0] = 'Z:/Git/Flappy_bird/Builds/Windows/Curr6/Flappy_bird_Data/Managed'
Mono config path = 'Z:/Git/Flappy_bird/Builds/Windows/Curr6/MonoBleedingEdge/etc'
Crash!!!
A crash has been intercepted by the crash handler. For call stack and other details, see the latest crash report generated in:
 * C:/Users/Kevinn/AppData/Local/Temp/DefaultCompany/Flappy_bird/Crashes
Initialize engine version: 2022.2.11f1 (621cd60d08fd)
[Subsystems] Discovering subsystems at path Z:/Git/Flappy_bird/Builds/Windows/Curr6/Flappy_bird_Data/UnitySubsystems
Forcing GfxDevice: Null
GfxDevice: creating device client; threaded=0; jobified=0
NullGfxDevice:
    Version:  NULL 1.0 [1.0]
    Renderer: Null Device
    Vendor:   Unity Technologies
SymInit: Symbol-SearchPath: '.;Z:\Git\Flappy_bird\TrainerConfig;Z:\Git\Flappy_bird\Builds\Windows\Curr6;C:\Windows;C:\Windows\system32;', symOptions: 534, UserName: ''
OS-Version: 10.0.0
Z:\Git\Flappy_bird\Builds\Windows\Curr6\Flappy_bird.exe:Flappy_bird.exe (00007FF626F30000), size: 688128 (result: 0), SymType: '-deferred-', PDB: '', fileVersion: 2022.2.11.7382
C:\Windows\SYSTEM32\ntdll.dll:ntdll.dll (00007FFB18090000), size: 2064384 (result: 0), SymType: '-deferred-', PDB: '', fileVersion: 10.0.19041.2788
C:\Windows\System32\KERNEL32.DLL:KERNEL32.DLL (00007FFB16F90000), size: 782336 (result: 0), SymType: '-deferred-', PDB: '', fileVersion: 10.0.19041.2788
C:\Windows\System32\KERNELBASE.dll:KERNELBASE.dll (00007FFB158A0000), size: 2990080 (result: 0), SymType: '-deferred-', PDB: '', fileVersion: 10.0.19041.2788
Z:\Git\Flappy_bird\Builds\Windows\Curr6\UnityPlayer.dll:UnityPlayer.dll (00007FFA21C60000), size: 31268864 (result: 8), SymType: '-unknown-', PDB: '', fileVersion: 2022.2.11.7382
  ERROR: LoadModule, GetLastError: 'Not enough memory resources are available to process this command.' (Address: 0000000000000000)
C:\Windows\System32\USER32.dll:USER32.dll (00007FFB17B00000), size: 1691648 (result: 8), SymType: '-unknown-', PDB: '', fileVersion: 10.0.19041.2788
  ERROR: LoadModule, GetLastError: 'Not enough memory resources are available to process this command.' (Address: 0000000000000000)
C:\Windows\System32\win32u.dll:win32u.dll (00007FFB15B80000), size: 139264 (result: 0), SymType: '-deferred-', PDB: '', fileVersion: 10.0.19041.2846
C:\Windows\System32\GDI32.dll:GDI32.dll (00007FFB17190000), size: 176128 (result: 0), SymType: '-deferred-', PDB: '', fileVersion: 10.0.19041.2130
C:\Windows\System32\gdi32full.dll:gdi32full.dll (00007FFB15FB0000), size: 1114112 (result: 8), SymType: '-unknown-', PDB: '', fileVersion: 10.0.19041.2788
  ERROR: LoadModule, GetLastError: 'Not enough memory resources are available to process this command.' (Address: 0000000000000000)
C:\Windows\System32\msvcp_win.dll:msvcp_win.dll (00007FFB15D20000), size: 643072 (result: 8), SymType: '-unknown-', PDB: '', fileVersion: 10.0.19041.789
  ERROR: LoadModule, GetLastError: 'Not enough memory resources are available to process this command.' (Address: 0000000000000000)
C:\Windows\System32\ucrtbase.dll:ucrtbase.dll (00007FFB157A0000), size: 1048576 (result: 8), SymType: '-unknown-', PDB: '', fileVersion: 10.0.19041.789
  ERROR: LoadModule, GetLastError: 'Not enough memory resources are available to process this command.' (Address: 0000000000000000)
C:\Windows\System32\ole32.dll:ole32.dll (00007FFB173E0000), size: 1220608 (result: 0), SymType: '-deferred-', PDB: '', fileVersion: 10.0.19041.1202
C:\Windows\System32\RPCRT4.dll:RPCRT4.dll (00007FFB17060000), size: 1204224 (result: 0), SymType: '-deferred-', PDB: '', fileVersion: 10.0.19041.2846
C:\Windows\System32\combase.dll:combase.dll (00007FFB16C00000), size: 3489792 (result: 0), SymType: '-deferred-', PDB: '', fileVersion: 10.0.19041.2788
C:\Windows\System32\SHLWAPI.dll:SHLWAPI.dll (00007FFB17AA0000), size: 348160 (result: 0), SymType: '-deferred-', PDB: '', fileVersion: 10.0.19041.2075
C:\Windows\System32\msvcrt.dll:msvcrt.dll (00007FFB17F50000), size: 647168 (result: 0), SymType: '-deferred-', PDB: '', fileVersion: 7.0.19041.546
C:\Windows\System32\SETUPAPI.dll:SETUPAPI.dll (00007FFB17630000), size: 4620288 (result: 0), SymType: '-deferred-', PDB: '', fileVersion: 10.0.19041.2193
C:\Windows\System32\cfgmgr32.dll:cfgmgr32.dll (00007FFB15BB0000), size: 319488 (result: 0), SymType: '-deferred-', PDB: '', fileVersion: 10.0.19041.1620
C:\Windows\System32\bcrypt.dll:bcrypt.dll (00007FFB160C0000), size: 159744 (result: 0), SymType: '-deferred-', PDB: '', fileVersion: 10.0.19041.2486
C:\Windows\System32\ADVAPI32.dll:ADVAPI32.dll (00007FFB16B50000), size: 712704 (result: 0), SymType: '-deferred-', PDB: '', fileVersion: 10.0.19041.2130
C:\Windows\System32\sechost.dll:sechost.dll (00007FFB17EB0000), size: 638976 (result: 0), SymType: '-deferred-', PDB: '', fileVersion: 10.0.19041.2846
C:\Windows\System32\SHELL32.dll:SHELL32.dll (00007FFB163D0000), size: 7618560 (result: 0), SymType: '-deferred-', PDB: '', fileVersion: 10.0.19041.2788
C:\Windows\System32\OLEAUT32.dll:OLEAUT32.dll (00007FFB16300000), size: 839680 (result: 0), SymType: '-deferred-', PDB: '', fileVersion: 10.0.19041.985
C:\Windows\System32\IMM32.dll:IMM32.dll (00007FFB16B20000), size: 196608 (result: 0), SymType: '-deferred-', PDB: '', fileVersion: 10.0.19041.2673
C:\Windows\System32\CRYPT32.dll:CRYPT32.dll (00007FFB15DC0000), size: 1400832 (result: 0), SymType: '-deferred-', PDB: '', fileVersion: 10.0.19041.2486
C:\Windows\System32\WS2_32.dll:WS2_32.dll (00007FFB17370000), size: 438272 (result: 0), SymType: '-deferred-', PDB: '', fileVersion: 10.0.19041.546
C:\Windows\SYSTEM32\VERSION.dll:VERSION.dll (00007FFB15330000), size: 40960 (result: 0), SymType: '-deferred-', PDB: '', fileVersion: 10.0.19041.546
C:\Windows\SYSTEM32\WINMM.dll:WINMM.dll (00007FFB06580000), size: 159744 (result: 0), SymType: '-deferred-', PDB: '', fileVersion: 10.0.19041.546
C:\Windows\SYSTEM32\WINHTTP.dll:WINHTTP.dll (00007FFB0D420000), size: 1089536 (result: 8), SymType: '-unknown-', PDB: '', fileVersion: 10.0.19041.2673
  ERROR: LoadModule, GetLastError: 'Not enough memory resources are available to process this command.' (Address: 0000000000000000)
C:\Windows\SYSTEM32\HID.DLL:HID.DLL (00007FFB13CC0000), size: 53248 (result: 8), SymType: '-unknown-', PDB: '', fileVersion: 10.0.19041.546
  ERROR: LoadModule, GetLastError: 'Not enough memory resources are available to process this command.' (Address: 0000000000000000)
:OPENGL32.dll (00007FFA9D120000), size: 1200128 (result: 8), SymType: '-unknown-', PDB: ''
  ERROR: LoadModule, GetLastError: 'Not enough memory resources are available to process this command.' (Address: 0000000000000000)
C:\Windows\SYSTEM32\dwmapi.dll:dwmapi.dll (00007FFB13050000), size: 192512 (result: 0), SymType: '-deferred-', PDB: '', fileVersion: 10.0.19041.746
C:\Windows\SYSTEM32\GLU32.dll:GLU32.dll (00007FFAB8450000), size: 180224 (result: 0), SymType: '-deferred-', PDB: '', fileVersion: 10.0.19041.2193
C:\Windows\SYSTEM32\kernel.appcore.dll:kernel.appcore.dll (00007FFB13FA0000), size: 73728 (result: 8), SymType: '-unknown-', PDB: '', fileVersion: 10.0.19041.546
  ERROR: LoadModule, GetLastError: 'Not enough memory resources are available to process this command.' (Address: 0000000000000000)
C:\Windows\System32\bcryptPrimitives.dll:bcryptPrimitives.dll (00007FFB15F20000), size: 532480 (result: 8), SymType: '-unknown-', PDB: '', fileVersion: 10.0.19041.2486
  ERROR: LoadModule, GetLastError: 'Not enough memory resources are available to process this command.' (Address: 0000000000000000)
C:\Windows\system32\uxtheme.dll:uxtheme.dll (00007FFB12E70000), size: 647168 (result: 0), SymType: '-deferred-', PDB: '', fileVersion: 10.0.19041.2193
C:\Windows\System32\shcore.dll:shcore.dll (00007FFB17D20000), size: 708608 (result: 0), SymType: '-deferred-', PDB: '', fileVersion: 10.0.19041.1865
:mono-2.0-bdwgc.dll (00007FFA85E30000), size: 10690560 (result: 0), SymType: '-deferred-', PDB: ''
C:\Windows\SYSTEM32\windows.storage.dll:windows.storage.dll (00007FFB13520000), size: 7942144 (result: 0), SymType: '-deferred-', PDB: '', fileVersion: 10.0.19041.2788
C:\Windows\SYSTEM32\Wldp.dll:Wldp.dll (00007FFB15190000), size: 188416 (result: 0), SymType: '-deferred-', PDB: '', fileVersion: 10.0.19041.2788
C:\Windows\SYSTEM32\profapi.dll:profapi.dll (00007FFB156E0000), size: 126976 (result: 0), SymType: '-deferred-', PDB: '', fileVersion: 10.0.19041.844
C:\Windows\SYSTEM32\dbghelp.dll:dbghelp.dll (00007FFB13D90000), size: 1982464 (result: 0), SymType: '-deferred-', PDB: '', fileVersion: 10.0.19041.867
C:\Windows\SYSTEM32\SspiCli.dll:SspiCli.dll (00007FFB15660000), size: 204800 (result: 0), SymType: '-deferred-', PDB: '', fileVersion: 10.0.19041.2130
C:\Windows\System32\MSCTF.dll:MSCTF.dll (00007FFB17510000), size: 1130496 (result: 0), SymType: '-deferred-', PDB: '', fileVersion: 10.0.19041.2673
C:\Windows\System32\clbcatq.dll:clbcatq.dll (00007FFB161F0000), size: 692224 (result: 0), SymType: '-deferred-', PDB: '', fileVersion: 2001.12.10941.16384
C:\Windows\System32\MMDevApi.dll:MMDevApi.dll (00007FFB0D2D0000), size: 544768 (result: 0), SymType: '-deferred-', PDB: '', fileVersion: 10.0.19041.1503
C:\Windows\System32\DEVOBJ.dll:DEVOBJ.dll (00007FFB15360000), size: 180224 (result: 0), SymType: '-deferred-', PDB: '', fileVersion: 10.0.19041.1620
C:\Windows\System32\psapi.dll:psapi.dll (00007FFB16F60000), size: 32768 (result: 0), SymType: '-deferred-', PDB: '', fileVersion: 10.0.19041.546

========== OUTPUTTING STACK TRACE ==================

SymInit: Symbol-SearchPath: '.;Z:\Git\Flappy_bird\TrainerConfig;Z:\Git\Flappy_bird\Builds\Windows\Curr6;C:\Windows;C:\Windows\system32;', symOptions: 534, UserName: 'Kevinn'
OS-Version: 10.0.0
Z:\Git\Flappy_bird\Builds\Windows\Curr6\Flappy_bird.exe:Flappy_bird.exe (00007FF626F30000), size: 688128 (result: 0), SymType: '-exported-', PDB: 'Z:\Git\Flappy_bird\Builds\Windows\Curr6\Flappy_bird.exe', fileVersion: 2022.2.11.7382
C:\Windows\SYSTEM32\ntdll.dll:ntdll.dll (00007FFB18090000), size: 2064384 (result: 0), SymType: '-nosymbols-', PDB: 'C:\Windows\SYSTEM32\ntdll.dll', fileVersion: 10.0.19041.2788
C:\Windows\System32\KERNEL32.DLL:KERNEL32.DLL (00007FFB16F90000), size: 782336 (result: 0), SymType: '-nosymbols-', PDB: 'C:\Windows\System32\KERNEL32.DLL', fileVersion: 10.0.19041.2788
C:\Windows\System32\KERNELBASE.dll:KERNELBASE.dll (00007FFB158A0000), size: 2990080 (result: 0), SymType: '-nosymbols-', PDB: 'C:\Windows\System32\KERNELBASE.dll', fileVersion: 10.0.19041.2788
Z:\Git\Flappy_bird\Builds\Windows\Curr6\UnityPlayer.dll:UnityPlayer.dll (00007FFA21C60000), size: 31268864 (result: 0), SymType: '-deferred-', PDB: '', fileVersion: 2022.2.11.7382
C:\Windows\System32\USER32.dll:USER32.dll (00007FFB17B00000), size: 1691648 (result: 0), SymType: '-deferred-', PDB: '', fileVersion: 10.0.19041.2788
C:\Windows\System32\win32u.dll:win32u.dll (00007FFB15B80000), size: 139264 (result: 0), SymType: '-nosymbols-', PDB: 'C:\Windows\System32\win32u.dll', fileVersion: 10.0.19041.2846
C:\Windows\System32\GDI32.dll:GDI32.dll (00007FFB17190000), size: 176128 (result: 0), SymType: '-nosymbols-', PDB: 'C:\Windows\System32\GDI32.dll', fileVersion: 10.0.19041.2130
C:\Windows\System32\gdi32full.dll:gdi32full.dll (00007FFB15FB0000), size: 1114112 (result: 0), SymType: '-deferred-', PDB: '', fileVersion: 10.0.19041.2788
C:\Windows\System32\msvcp_win.dll:msvcp_win.dll (00007FFB15D20000), size: 643072 (result: 0), SymType: '-deferred-', PDB: '', fileVersion: 10.0.19041.789
C:\Windows\System32\ucrtbase.dll:ucrtbase.dll (00007FFB157A0000), size: 1048576 (result: 0), SymType: '-deferred-', PDB: '', fileVersion: 10.0.19041.789
FMOD failed to initialize the output device.: "Error initializing output device. " (60)
C:\Windows\System32\ole32.dll:ole32.dll (00007FFB173E0000), size: 1220608 (result: 0), SymType: '-nosymbols-', PDB: 'C:\Windows\System32\ole32.dll', fileVersion: 10.0.19041.1202
C:\Windows\System32\RPCRT4.dll:RPCRT4.dll (00007FFB17060000), size: 1204224 (result: 0), SymType: '-exported-', PDB: 'C:\Windows\System32\RPCRT4.dll', fileVersion: 10.0.19041.2846
C:\Windows\System32\combase.dll:combase.dll (00007FFB16C00000), size: 3489792 (result: 0), SymType: '-exported-', PDB: 'C:\Windows\System32\combase.dll', fileVersion: 10.0.19041.2788
C:\Windows\System32\SHLWAPI.dll:SHLWAPI.dll (00007FFB17AA0000), size: 348160 (result: 0), SymType: '-exported-', PDB: 'C:\Windows\System32\SHLWAPI.dll', fileVersion: 10.0.19041.2075
C:\Windows\System32\msvcrt.dll:msvcrt.dll (00007FFB17F50000), size: 647168 (result: 0), SymType: '-exported-', PDB: 'C:\Windows\System32\msvcrt.dll', fileVersion: 7.0.19041.546
C:\Windows\System32\SETUPAPI.dll:SETUPAPI.dll (00007FFB17630000), size: 4620288 (result: 0), SymType: '-exported-', PDB: 'C:\Windows\System32\SETUPAPI.dll', fileVersion: 10.0.19041.2193
C:\Windows\System32\cfgmgr32.dll:cfgmgr32.dll (00007FFB15BB0000), size: 319488 (result: 0), SymType: '-exported-', PDB: 'C:\Windows\System32\cfgmgr32.dll', fileVersion: 10.0.19041.1620
C:\Windows\System32\bcrypt.dll:bcrypt.dll (00007FFB160C0000), size: 159744 (result: 0), SymType: '-exported-', PDB: 'C:\Windows\System32\bcrypt.dll', fileVersion: 10.0.19041.2486
C:\Windows\System32\ADVAPI32.dll:ADVAPI32.dll (00007FFB16B50000), size: 712704 (result: 0), SymType: '-exported-', PDB: 'C:\Windows\System32\ADVAPI32.dll', fileVersion: 10.0.19041.2130
C:\Windows\System32\sechost.dll:sechost.dll (00007FFB17EB0000), size: 638976 (result: 0), SymType: '-exported-', PDB: 'C:\Windows\System32\sechost.dll', fileVersion: 10.0.19041.2846
Forced to initialize FMOD to to the device driver's system output rate 48000, this may impact performance and/or give inconsistent experiences compared to selected sample rate 48000
C:\Windows\System32\SHELL32.dll:SHELL32.dll (00007FFB163D0000), size: 7618560 (result: 0), SymType: '-exported-', PDB: 'C:\Windows\System32\SHELL32.dll', fileVersion: 10.0.19041.2788
C:\Windows\System32\OLEAUT32.dll:OLEAUT32.dll (00007FFB16300000), size: 839680 (result: 0), SymType: '-exported-', PDB: 'C:\Windows\System32\OLEAUT32.dll', fileVersion: 10.0.19041.985
C:\Windows\System32\IMM32.dll:IMM32.dll (00007FFB16B20000), size: 196608 (result: 0), SymType: '-exported-', PDB: 'C:\Windows\System32\IMM32.dll', fileVersion: 10.0.19041.2673
C:\Windows\System32\CRYPT32.dll:CRYPT32.dll (00007FFB15DC0000), size: 1400832 (result: 0), SymType: '-exported-', PDB: 'C:\Windows\System32\CRYPT32.dll', fileVersion: 10.0.19041.2486
C:\Windows\System32\WS2_32.dll:WS2_32.dll (00007FFB17370000), size: 438272 (result: 0), SymType: '-exported-', PDB: 'C:\Windows\System32\WS2_32.dll', fileVersion: 10.0.19041.546
C:\Windows\SYSTEM32\VERSION.dll:VERSION.dll (00007FFB15330000), size: 40960 (result: 0), SymType: '-exported-', PDB: 'C:\Windows\SYSTEM32\VERSION.dll', fileVersion: 10.0.19041.546
C:\Windows\SYSTEM32\WINMM.dll:WINMM.dll (00007FFB06580000), size: 159744 (result: 0), SymType: '-exported-', PDB: 'C:\Windows\SYSTEM32\WINMM.dll', fileVersion: 10.0.19041.546
C:\Windows\SYSTEM32\WINHTTP.dll:WINHTTP.dll (00007FFB0D420000), size: 1089536 (result: 0), SymType: '-deferred-', PDB: '', fileVersion: 10.0.19041.2673
C:\Windows\SYSTEM32\HID.DLL:HID.DLL (00007FFB13CC0000), size: 53248 (result: 0), SymType: '-deferred-', PDB: '', fileVersion: 10.0.19041.546
C:\Windows\SYSTEM32\OPENGL32.dll:OPENGL32.dll (00007FFA9D120000), size: 1200128 (result: 0), SymType: '-deferred-', PDB: '', fileVersion: 10.0.19041.2193
C:\Windows\SYSTEM32\dwmapi.dll:dwmapi.dll (00007FFB13050000), size: 192512 (result: 0), SymType: '-exported-', PDB: 'C:\Windows\SYSTEM32\dwmapi.dll', fileVersion: 10.0.19041.746
C:\Windows\SYSTEM32\GLU32.dll:GLU32.dll (00007FFAB8450000), size: 180224 (result: 0), SymType: '-exported-', PDB: 'C:\Windows\SYSTEM32\GLU32.dll', fileVersion: 10.0.19041.2193
C:\Windows\SYSTEM32\kernel.appcore.dll:kernel.appcore.dll (00007FFB13FA0000), size: 73728 (result: 0), SymType: '-deferred-', PDB: '', fileVersion: 10.0.19041.546
C:\Windows\System32\bcryptPrimitives.dll:bcryptPrimitives.dll (00007FFB15F20000), size: 532480 (result: 0), SymType: '-deferred-', PDB: '', fileVersion: 10.0.19041.2486
C:\Windows\system32\uxtheme.dll:uxtheme.dll (00007FFB12E70000), size: 647168 (result: 0), SymType: '-exported-', PDB: 'C:\Windows\system32\uxtheme.dll', fileVersion: 10.0.19041.2193
C:\Windows\System32\shcore.dll:shcore.dll (00007FFB17D20000), size: 708608 (result: 0), SymType: '-exported-', PDB: 'C:\Windows\System32\shcore.dll', fileVersion: 10.0.19041.1865
Z:\Git\Flappy_bird\Builds\Windows\Curr6\MonoBleedingEdge\EmbedRuntime\mono-2.0-bdwgc.dll:mono-2.0-bdwgc.dll (00007FFA85E30000), size: 10690560 (result: 0), SymType: '-deferred-', PDB: ''
C:\Windows\SYSTEM32\windows.storage.dll:windows.storage.dll (00007FFB13520000), size: 7942144 (result: 0), SymType: '-exported-', PDB: 'C:\Windows\SYSTEM32\windows.storage.dll', fileVersion: 10.0.19041.2788
C:\Windows\SYSTEM32\Wldp.dll:Wldp.dll (00007FFB15190000), size: 188416 (result: 0), SymType: '-exported-', PDB: 'C:\Windows\SYSTEM32\Wldp.dll', fileVersion: 10.0.19041.2788
Begin MonoManager ReloadAssembly
C:\Windows\SYSTEM32\profapi.dll:profapi.dll (00007FFB156E0000), size: 126976 (result: 0), SymType: '-nosymbols-', PDB: 'C:\Windows\SYSTEM32\profapi.dll', fileVersion: 10.0.19041.844
C:\Windows\SYSTEM32\dbghelp.dll:dbghelp.dll (00007FFB13D90000), size: 1982464 (result: 0), SymType: '-exported-', PDB: 'C:\Windows\SYSTEM32\dbghelp.dll', fileVersion: 10.0.19041.867
C:\Windows\SYSTEM32\SspiCli.dll:SspiCli.dll (00007FFB15660000), size: 204800 (result: 0), SymType: '-exported-', PDB: 'C:\Windows\SYSTEM32\SspiCli.dll', fileVersion: 10.0.19041.2130
C:\Windows\System32\MSCTF.dll:MSCTF.dll (00007FFB17510000), size: 1130496 (result: 0), SymType: '-exported-', PDB: 'C:\Windows\System32\MSCTF.dll', fileVersion: 10.0.19041.2673
C:\Windows\System32\clbcatq.dll:clbcatq.dll (00007FFB161F0000), size: 692224 (result: 0), SymType: '-exported-', PDB: 'C:\Windows\System32\clbcatq.dll', fileVersion: 2001.12.10941.16384
C:\Windows\System32\MMDevApi.dll:MMDevApi.dll (00007FFB0D2D0000), size: 544768 (result: 0), SymType: '-exported-', PDB: 'C:\Windows\System32\MMDevApi.dll', fileVersion: 10.0.19041.1503
C:\Windows\System32\DEVOBJ.dll:DEVOBJ.dll (00007FFB15360000), size: 180224 (result: 0), SymType: '-exported-', PDB: 'C:\Windows\System32\DEVOBJ.dll', fileVersion: 10.0.19041.1620
C:\Windows\SYSTEM32\AUDIOSES.DLL:AUDIOSES.DLL (00007FFAF5390000), size: 1581056 (result: 0), SymType: '-deferred-', PDB: '', fileVersion: 10.0.19041.2364
C:\Windows\SYSTEM32\powrprof.dll:powrprof.dll (00007FFB14D00000), size: 307200 (result: 0), SymType: '-deferred-', PDB: '', fileVersion: 10.0.19041.546
C:\Windows\SYSTEM32\UMPDC.dll:UMPDC.dll (00007FFB14B70000), size: 73728 (result: 0), SymType: '-deferred-', PDB: ''
  ERROR: SymGetSymFromAddr64, GetLastError: 'Attempt to access invalid address.' (Address: 00007FFA21FB967C)
0x00007FFA21FB967C (UnityPlayer) (function-name not available)
  ERROR: SymGetSymFromAddr64, GetLastError: 'Attempt to access invalid address.' (Address: 00007FFA21FB4F95)
0x00007FFA21FB4F95 (UnityPlayer) (function-name not available)
  ERROR: SymGetSymFromAddr64, GetLastError: 'Attempt to access invalid address.' (Address: 00007FFA2220447D)
0x00007FFA2220447D (UnityPlayer) (function-name not available)
  ERROR: SymGetSymFromAddr64, GetLastError: 'Attempt to access invalid address.' (Address: 00007FFA222F00D5)
0x00007FFA222F00D5 (UnityPlayer) (function-name not available)
  ERROR: SymGetSymFromAddr64, GetLastError: 'Attempt to access invalid address.' (Address: 00007FFA222EFAA4)
0x00007FFA222EFAA4 (UnityPlayer) (function-name not available)
  ERROR: SymGetSymFromAddr64, GetLastError: 'Attempt to access invalid address.' (Address: 00007FFB16FA7604)
0x00007FFB16FA7604 (KERNEL32) (function-name not available)
  ERROR: SymGetSymFromAddr64, GetLastError: 'Attempt to access invalid address.' (Address: 00007FFB180E26A1)
0x00007FFB180E26A1 (ntdll) (function-name not available)

========== END OF STACKTRACE ===========

A crash has been intercepted by the crash handler. For call stack and other details, see the latest crash report generated in:
 * C:/Users/Kevinn/AppData/Local/Temp/DefaultCompany/Flappy_bird/Crashes
