Mono path[0] = 'Z:/Git/Flappy_bird/Builds/Windows/Curr6/Flappy_bird_Data/Managed'
Mono config path = 'Z:/Git/Flappy_bird/Builds/Windows/Curr6/MonoBleedingEdge/etc'
Initialize engine version: 2022.2.11f1 (621cd60d08fd)
[Subsystems] Discovering subsystems at path Z:/Git/Flappy_bird/Builds/Windows/Curr6/Flappy_bird_Data/UnitySubsystems
Forcing GfxDevice: Null
GfxDevice: creating device client; threaded=0; jobified=0
NullGfxDevice:
    Version:  NULL 1.0 [1.0]
    Renderer: Null Device
    Vendor:   Unity Technologies
Begin MonoManager ReloadAssembly
- Loaded All Assemblies, in  0.222 seconds
- Finished resetting the current domain, in  0.005 seconds
Could not allocate memory: System out of memory!
Trying to allocate: 16777216B with 16 alignment. MemoryLabel: Manager
Allocation happened at: Line:16 in 
Memory overview

[ ALLOC_TEMP_TLS ] used: 799352B | peak: 0B | reserved: 8454144B 
[ ALLOC_DEFAULT ] used: 19534192B | peak: 0B | reserved: 33554432B 
[ ALLOC_TEMP_JOB_1_FRAME ] used: 0B | peak: 0B | reserved: 0B 
[ ALLOC_TEMP_JOB_2_FRAMES ] used: 0B | peak: 0B | reserved: 0B 
[ ALLOC_TEMP_JOB_4_FRAMES (JobTemp) ] used: 0B | peak: 0B | reserved: 2097152B 
[ ALLOC_TEMP_JOB_ASYNC (Background) ] used: 0B | peak: 0B | reserved: 1048576B 
[ ALLOC_GFX ] used: 45872B | peak: 0B | reserved: 16777216B 
[ ALLOC_CACHEOBJECTS ] used: 768048B | peak: 0B | reserved: 4194304B 
[ ALLOC_TYPETREE ] used: 4176B | peak: 0B | reserved: 2097152B 
Could not allocate memory: System out of memory!
Trying to allocate: 16777216B with 16 alignment. MemoryLabel: Manager
Allocation happened at: Line:16 in 
Memory overview

[ ALLOC_TEMP_TLS ] used: 799352B | peak: 0B | reserved: 8454144B 
[ ALLOC_DEFAULT ] used: 19534192B | peak: 0B | reserved: 33554432B 
[ ALLOC_TEMP_JOB_1_FRAME ] used: 0B | peak: 0B | reserved: 0B 
[ ALLOC_TEMP_JOB_2_FRAMES ] used: 0B | peak: 0B | reserved: 0B 
[ ALLOC_TEMP_JOB_4_FRAMES (JobTemp) ] used: 0B | peak: 0B | reserved: 2097152B 
[ ALLOC_TEMP_JOB_ASYNC (Background) ] used: 0B | peak: 0B | reserved: 1048576B 
[ ALLOC_GFX ] used: 45872B | peak: 0B | reserved: 16777216B 
[ ALLOC_CACHEOBJECTS ] used: 768048B | peak: 0B | reserved: 4194304B 
[ ALLOC_TYPETREE ] used: 4176B | peak: 0B | reserved: 2097152B 
Crash!!!
  ERROR: Error while initializing dbghelp.dll, GetLastError: 'The operation completed successfully.' (Address: 0000000000000000)

========== OUTPUTTING STACK TRACE ==================

  ERROR: Error while initializing dbghelp.dll, GetLastError: 'The operation completed successfully.' (Address: 0000000000000000)

========== END OF STACKTRACE ===========

A crash has been intercepted by the crash handler. For call stack and other details, see the latest crash report generated in:
 * C:/Users/Kevinn/AppData/Local/Temp/DefaultCompany/Flappy_bird/Crashes
