Mono path[0] = 'Z:/Git/Flappy_bird/Builds/Windows/Curr6/Flappy_bird_Data/Managed'
Mono config path = 'Z:/Git/Flappy_bird/Builds/Windows/Curr6/MonoBleedingEdge/etc'
Initialize engine version: 2022.2.11f1 (621cd60d08fd)
[Subsystems] Discovering subsystems at path Z:/Git/Flappy_bird/Builds/Windows/Curr6/Flappy_bird_Data/UnitySubsystems
Forcing GfxDevice: Null
GfxDevice: creating device client; threaded=0; jobified=0
NullGfxDevice:
    Version:  NULL 1.0 [1.0]
    Renderer: Null Device
    Vendor:   Unity Technologies
Begin MonoManager ReloadAssembly
Could not allocate 284968 bytes
Crash!!!
  ERROR: Error while initializing dbghelp.dll, GetLastError: 'The operation completed successfully.' (Address: 0000000000000000)

========== OUTPUTTING STACK TRACE ==================

SymInit: Symbol-SearchPath: '.;Z:\Git\Flappy_bird\TrainerConfig;Z:\Git\Flappy_bird\Builds\Windows\Curr6;C:\Windows;C:\Windows\system32;', symOptions: 534, UserName: ''
OS-Version: 10.0.0
Z:\Git\Flappy_bird\Builds\Windows\Curr6\Flappy_bird.exe:Flappy_bird.exe (00007FF626F30000), size: 688128 (result: 0), SymType: '-deferred-', PDB: '', fileVersion: 2022.2.11.7382
C:\Windows\SYSTEM32\ntdll.dll:ntdll.dll (00007FFB18090000), size: 2064384 (result: 0), SymType: '-deferred-', PDB: '', fileVersion: 10.0.19041.2788
C:\Windows\System32\KERNEL32.DLL:KERNEL32.DLL (00007FFB16F90000), size: 782336 (result: 0), SymType: '-deferred-', PDB: '', fileVersion: 10.0.19041.2788
C:\Windows\System32\KERNELBASE.dll:KERNELBASE.dll (00007FFB158A0000), size: 2990080 (result: 0), SymType: '-deferred-', PDB: '', fileVersion: 10.0.19041.2788
Z:\Git\Flappy_bird\Builds\Windows\Curr6\UnityPlayer.dll:UnityPlayer.dll (00007FFA21A60000), size: 31268864 (result: 0), SymType: '-deferred-', PDB: '', fileVersion: 2022.2.11.7382
C:\Windows\System32\USER32.dll:USER32.dll (00007FFB17B00000), size: 1691648 (result: 0), SymType: '-deferred-', PDB: '', fileVersion: 10.0.19041.2788
C:\Windows\System32\win32u.dll:win32u.dll (00007FFB15B80000), size: 139264 (result: 0), SymType: '-deferred-', PDB: '', fileVersion: 10.0.19041.2846
C:\Windows\System32\GDI32.dll:GDI32.dll (00007FFB17190000), size: 176128 (result: 0), SymType: '-deferred-', PDB: '', fileVersion: 10.0.19041.2130
C:\Windows\System32\gdi32full.dll:gdi32full.dll (00007FFB15FB0000), size: 1114112 (result: 0), SymType: '-deferred-', PDB: '', fileVersion: 10.0.19041.2788
C:\Windows\System32\msvcp_win.dll:msvcp_win.dll (00007FFB15D20000), size: 643072 (result: 0), SymType: '-deferred-', PDB: '', fileVersion: 10.0.19041.789
C:\Windows\System32\ucrtbase.dll:ucrtbase.dll (00007FFB157A0000), size: 1048576 (result: 0), SymType: '-deferred-', PDB: '', fileVersion: 10.0.19041.789
C:\Windows\System32\ole32.dll:ole32.dll (00007FFB173E0000), size: 1220608 (result: 0), SymType: '-deferred-', PDB: '', fileVersion: 10.0.19041.1202
C:\Windows\System32\RPCRT4.dll:RPCRT4.dll (00007FFB17060000), size: 1204224 (result: 0), SymType: '-deferred-', PDB: '', fileVersion: 10.0.19041.2846
C:\Windows\System32\combase.dll:combase.dll (00007FFB16C00000), size: 3489792 (result: 0), SymType: '-deferred-', PDB: '', fileVersion: 10.0.19041.2788
C:\Windows\System32\SHLWAPI.dll:SHLWAPI.dll (00007FFB17AA0000), size: 348160 (result: 0), SymType: '-deferred-', PDB: '', fileVersion: 10.0.19041.2075
C:\Windows\System32\msvcrt.dll:msvcrt.dll (00007FFB17F50000), size: 647168 (result: 0), SymType: '-deferred-', PDB: '', fileVersion: 7.0.19041.546
C:\Windows\System32\SETUPAPI.dll:SETUPAPI.dll (00007FFB17630000), size: 4620288 (result: 0), SymType: '-deferred-', PDB: '', fileVersion: 10.0.19041.2193
C:\Windows\SYSTEM32\VERSION.dll:VERSION.dll (00007FFB15330000), size: 40960 (result: 0), SymType: '-deferred-', PDB: '', fileVersion: 10.0.19041.546
C:\Windows\System32\cfgmgr32.dll:cfgmgr32.dll (00007FFB15BB0000), size: 319488 (result: 0), SymType: '-deferred-', PDB: '', fileVersion: 10.0.19041.1620
C:\Windows\System32\bcrypt.dll:bcrypt.dll (00007FFB160C0000), size: 159744 (result: 0), SymType: '-deferred-', PDB: '', fileVersion: 10.0.19041.2486
C:\Windows\System32\ADVAPI32.dll:ADVAPI32.dll (00007FFB16B50000), size: 712704 (result: 0), SymType: '-deferred-', PDB: '', fileVersion: 10.0.19041.2130
C:\Windows\System32\sechost.dll:sechost.dll (00007FFB17EB0000), size: 638976 (result: 0), SymType: '-deferred-', PDB: '', fileVersion: 10.0.19041.2846
C:\Windows\System32\SHELL32.dll:SHELL32.dll (00007FFB163D0000), size: 7618560 (result: 0), SymType: '-deferred-', PDB: '', fileVersion: 10.0.19041.2788
C:\Windows\System32\OLEAUT32.dll:OLEAUT32.dll (00007FFB16300000), size: 839680 (result: 0), SymType: '-deferred-', PDB: '', fileVersion: 10.0.19041.985
C:\Windows\System32\IMM32.dll:IMM32.dll (00007FFB16B20000), size: 196608 (result: 0), SymType: '-deferred-', PDB: '', fileVersion: 10.0.19041.2673
C:\Windows\System32\CRYPT32.dll:CRYPT32.dll (00007FFB15DC0000), size: 1400832 (result: 0), SymType: '-deferred-', PDB: '', fileVersion: 10.0.19041.2486
C:\Windows\System32\WS2_32.dll:WS2_32.dll (00007FFB17370000), size: 438272 (result: 0), SymType: '-deferred-', PDB: '', fileVersion: 10.0.19041.546
C:\Windows\SYSTEM32\OPENGL32.dll:OPENGL32.dll (00007FFA9D120000), size: 1200128 (result: 0), SymType: '-deferred-', PDB: '', fileVersion: 10.0.19041.2193
C:\Windows\SYSTEM32\WINMM.dll:WINMM.dll (00007FFB06580000), size: 159744 (result: 0), SymType: '-deferred-', PDB: '', fileVersion: 10.0.19041.546
C:\Windows\SYSTEM32\WINHTTP.dll:WINHTTP.dll (00007FFB0D420000), size: 1089536 (result: 0), SymType: '-deferred-', PDB: '', fileVersion: 10.0.19041.2673
C:\Windows\SYSTEM32\HID.DLL:HID.DLL (00007FFB13CC0000), size: 53248 (result: 0), SymType: '-deferred-', PDB: '', fileVersion: 10.0.19041.546
C:\Windows\SYSTEM32\dwmapi.dll:dwmapi.dll (00007FFB13050000), size: 192512 (result: 0), SymType: '-deferred-', PDB: '', fileVersion: 10.0.19041.746
C:\Windows\SYSTEM32\GLU32.dll:GLU32.dll (00007FFAB8450000), size: 180224 (result: 0), SymType: '-deferred-', PDB: '', fileVersion: 10.0.19041.2193
C:\Windows\SYSTEM32\kernel.appcore.dll:kernel.appcore.dll (00007FFB13FA0000), size: 73728 (result: 0), SymType: '-deferred-', PDB: '', fileVersion: 10.0.19041.546
C:\Windows\System32\bcryptPrimitives.dll:bcryptPrimitives.dll (00007FFB15F20000), size: 532480 (result: 0), SymType: '-deferred-', PDB: '', fileVersion: 10.0.19041.2486
C:\Windows\system32\uxtheme.dll:uxtheme.dll (00007FFB12E70000), size: 647168 (result: 0), SymType: '-deferred-', PDB: '', fileVersion: 10.0.19041.2193
C:\Windows\System32\shcore.dll:shcore.dll (00007FFB17D20000), size: 708608 (result: 0), SymType: '-deferred-', PDB: '', fileVersion: 10.0.19041.1865
Z:\Git\Flappy_bird\Builds\Windows\Curr6\MonoBleedingEdge\EmbedRuntime\mono-2.0-bdwgc.dll:mono-2.0-bdwgc.dll (00007FFA95550000), size: 10690560 (result: 0), SymType: '-deferred-', PDB: ''
C:\Windows\SYSTEM32\windows.storage.dll:windows.storage.dll (00007FFB13520000), size: 7942144 (result: 0), SymType: '-deferred-', PDB: '', fileVersion: 10.0.19041.2788
C:\Windows\SYSTEM32\Wldp.dll:Wldp.dll (00007FFB15190000), size: 188416 (result: 0), SymType: '-deferred-', PDB: '', fileVersion: 10.0.19041.2788
C:\Windows\SYSTEM32\profapi.dll:profapi.dll (00007FFB156E0000), size: 126976 (result: 0), SymType: '-deferred-', PDB: '', fileVersion: 10.0.19041.844
C:\Windows\SYSTEM32\iphlpapi.dll:iphlpapi.dll (00007FFB14B90000), size: 245760 (result: 0), SymType: '-deferred-', PDB: '', fileVersion: 10.0.19041.2788
C:\Windows\System32\MSCTF.dll:MSCTF.dll (00007FFB17510000), size: 1130496 (result: 0), SymType: '-deferred-', PDB: '', fileVersion: 10.0.19041.2673
C:\Windows\System32\clbcatq.dll:clbcatq.dll (00007FFB161F0000), size: 692224 (result: 0), SymType: '-deferred-', PDB: '', fileVersion: 2001.12.10941.16384
C:\Windows\System32\MMDevApi.dll:MMDevApi.dll (00007FFB0D2D0000), size: 544768 (result: 0), SymType: '-deferred-', PDB: '', fileVersion: 10.0.19041.1503
C:\Windows\System32\DEVOBJ.dll:DEVOBJ.dll (00007FFB15360000), size: 180224 (result: 0), SymType: '-deferred-', PDB: '', fileVersion: 10.0.19041.1620
C:\Windows\SYSTEM32\AUDIOSES.DLL:AUDIOSES.DLL (00007FFAF5390000), size: 1581056 (result: 0), SymType: '-deferred-', PDB: '', fileVersion: 10.0.19041.2364
C:\Windows\SYSTEM32\powrprof.dll:powrprof.dll (00007FFB14D00000), size: 307200 (result: 0), SymType: '-deferred-', PDB: '', fileVersion: 10.0.19041.546
C:\Windows\SYSTEM32\UMPDC.dll:UMPDC.dll (00007FFB14B70000), size: 73728 (result: 0), SymType: '-deferred-', PDB: ''
C:\Windows\SYSTEM32\resourcepolicyclient.dll:resourcepolicyclient.dll (00007FFB12F50000), size: 81920 (result: 0), SymType: '-deferred-', PDB: '', fileVersion: 10.0.19041.546
C:\Windows\SYSTEM32\dbghelp.dll:dbghelp.dll (00007FFB13D90000), size: 1982464 (result: 0), SymType: '-deferred-', PDB: '', fileVersion: 10.0.19041.867
C:\Windows\System32\psapi.dll:psapi.dll (00007FFB16F60000), size: 32768 (result: 0), SymType: '-deferred-', PDB: '', fileVersion: 10.0.19041.546
0x00007FFB158CCB69 (KERNELBASE) RaiseException
0x00007FFA955C064C (mono-2.0-bdwgc) mono_dl_fallback_unregister
0x00007FFA955AC4A2 (mono-2.0-bdwgc) BrotliEncoderVersion
0x00007FFA955AC508 (mono-2.0-bdwgc) BrotliEncoderVersion
0x00007FFA956C6C6A (mono-2.0-bdwgc) mono_mempool_alloc
0x00007FFA958B3AC8 (mono-2.0-bdwgc) mono_aot_register_module
0x00007FFA957C286E (mono-2.0-bdwgc) mono_unity_class_has_failure
0x00007FFA957C6B8A (mono-2.0-bdwgc) mono_unity_class_has_failure
0x00007FFA957C7607 (mono-2.0-bdwgc) mono_unity_class_has_failure
0x00007FFA957CE2BC (mono-2.0-bdwgc) mono_jit_set_domain
0x00007FFA957CFD08 (mono-2.0-bdwgc) mono_jit_set_domain
0x00007FFA9570EB44 (mono-2.0-bdwgc) mono_object_get_virtual_method
0x00007FFA95709BF0 (mono-2.0-bdwgc) mono_runtime_class_init
0x00007FFA957C7B1E (mono-2.0-bdwgc) mono_unity_class_has_failure
0x00007FFA957CE2BC (mono-2.0-bdwgc) mono_jit_set_domain
0x00007FFA958C122F (mono-2.0-bdwgc) mono_install_ftnptr_eh_callback
0x00007FFA958C1DF8 (mono-2.0-bdwgc) mono_install_ftnptr_eh_callback
SymInit: Symbol-SearchPath: '.;Z:\Git\Flappy_bird\TrainerConfig;Z:\Git\Flappy_bird\Builds\Windows\Curr6;C:\Windows;C:\Windows\system32;', symOptions: 534, UserName: 'Kevinn'
OS-Version: 10.0.0
Z:\Git\Flappy_bird\Builds\Windows\Curr6\Flappy_bird.exe:Flappy_bird.exe (00007FF626F30000), size: 688128 (result: 0), SymType: '-exported-', PDB: 'Z:\Git\Flappy_bird\Builds\Windows\Curr6\Flappy_bird.exe', fileVersion: 2022.2.11.7382
C:\Windows\SYSTEM32\ntdll.dll:ntdll.dll (00007FFB18090000), size: 2064384 (result: 0), SymType: '-exported-', PDB: 'C:\Windows\SYSTEM32\ntdll.dll', fileVersion: 10.0.19041.2788
C:\Windows\System32\KERNEL32.DLL:KERNEL32.DLL (00007FFB16F90000), size: 782336 (result: 0), SymType: '-exported-', PDB: 'C:\Windows\System32\KERNEL32.DLL', fileVersion: 10.0.19041.2788
C:\Windows\System32\KERNELBASE.dll:KERNELBASE.dll (00007FFB158A0000), size: 2990080 (result: 0), SymType: '-exported-', PDB: 'C:\Windows\System32\KERNELBASE.dll', fileVersion: 10.0.19041.2788
Z:\Git\Flappy_bird\Builds\Windows\Curr6\UnityPlayer.dll:UnityPlayer.dll (00007FFA21A60000), size: 31268864 (result: 0), SymType: '-exported-', PDB: 'Z:\Git\Flappy_bird\Builds\Windows\Curr6\UnityPlayer.dll', fileVersion: 2022.2.11.7382
C:\Windows\System32\USER32.dll:USER32.dll (00007FFB17B00000), size: 1691648 (result: 0), SymType: '-nosymbols-', PDB: 'C:\Windows\System32\USER32.dll', fileVersion: 10.0.19041.2788
C:\Windows\System32\win32u.dll:win32u.dll (00007FFB15B80000), size: 139264 (result: 0), SymType: '-nosymbols-', PDB: 'C:\Windows\System32\win32u.dll', fileVersion: 10.0.19041.2846
C:\Windows\System32\GDI32.dll:GDI32.dll (00007FFB17190000), size: 176128 (result: 0), SymType: '-exported-', PDB: 'C:\Windows\System32\GDI32.dll', fileVersion: 10.0.19041.2130
C:\Windows\System32\gdi32full.dll:gdi32full.dll (00007FFB15FB0000), size: 1114112 (result: 0), SymType: '-nosymbols-', PDB: 'C:\Windows\System32\gdi32full.dll', fileVersion: 10.0.19041.2788
C:\Windows\System32\msvcp_win.dll:msvcp_win.dll (00007FFB15D20000), size: 643072 (result: 0), SymType: '-nosymbols-', PDB: 'C:\Windows\System32\msvcp_win.dll', fileVersion: 10.0.19041.789
C:\Windows\System32\ucrtbase.dll:ucrtbase.dll (00007FFB157A0000), size: 1048576 (result: 0), SymType: '-nosymbols-', PDB: 'C:\Windows\System32\ucrtbase.dll', fileVersion: 10.0.19041.789
C:\Windows\System32\ole32.dll:ole32.dll (00007FFB173E0000), size: 1220608 (result: 0), SymType: '-exported-', PDB: 'C:\Windows\System32\ole32.dll', fileVersion: 10.0.19041.1202
C:\Windows\System32\RPCRT4.dll:RPCRT4.dll (00007FFB17060000), size: 1204224 (result: 0), SymType: '-nosymbols-', PDB: 'C:\Windows\System32\RPCRT4.dll', fileVersion: 10.0.19041.2846
C:\Windows\System32\combase.dll:combase.dll (00007FFB16C00000), size: 3489792 (result: 0), SymType: '-exported-', PDB: 'C:\Windows\System32\combase.dll', fileVersion: 10.0.19041.2788
C:\Windows\System32\SHLWAPI.dll:SHLWAPI.dll (00007FFB17AA0000), size: 348160 (result: 0), SymType: '-exported-', PDB: 'C:\Windows\System32\SHLWAPI.dll', fileVersion: 10.0.19041.2075
C:\Windows\System32\msvcrt.dll:msvcrt.dll (00007FFB17F50000), size: 647168 (result: 0), SymType: '-exported-', PDB: 'C:\Windows\System32\msvcrt.dll', fileVersion: 7.0.19041.546
C:\Windows\System32\SETUPAPI.dll:SETUPAPI.dll (00007FFB17630000), size: 4620288 (result: 0), SymType: '-exported-', PDB: 'C:\Windows\System32\SETUPAPI.dll', fileVersion: 10.0.19041.2193
C:\Windows\SYSTEM32\VERSION.dll:VERSION.dll (00007FFB15330000), size: 40960 (result: 0), SymType: '-exported-', PDB: 'C:\Windows\SYSTEM32\VERSION.dll', fileVersion: 10.0.19041.546
C:\Windows\System32\cfgmgr32.dll:cfgmgr32.dll (00007FFB15BB0000), size: 319488 (result: 0), SymType: '-exported-', PDB: 'C:\Windows\System32\cfgmgr32.dll', fileVersion: 10.0.19041.1620
C:\Windows\System32\bcrypt.dll:bcrypt.dll (00007FFB160C0000), size: 159744 (result: 0), SymType: '-exported-', PDB: 'C:\Windows\System32\bcrypt.dll', fileVersion: 10.0.19041.2486
C:\Windows\System32\ADVAPI32.dll:ADVAPI32.dll (00007FFB16B50000), size: 712704 (result: 0), SymType: '-exported-', PDB: 'C:\Windows\System32\ADVAPI32.dll', fileVersion: 10.0.19041.2130
C:\Windows\System32\sechost.dll:sechost.dll (00007FFB17EB0000), size: 638976 (result: 0), SymType: '-exported-', PDB: 'C:\Windows\System32\sechost.dll', fileVersion: 10.0.19041.2846
C:\Windows\System32\SHELL32.dll:SHELL32.dll (00007FFB163D0000), size: 7618560 (result: 0), SymType: '-exported-', PDB: 'C:\Windows\System32\SHELL32.dll', fileVersion: 10.0.19041.2788
C:\Windows\System32\OLEAUT32.dll:OLEAUT32.dll (00007FFB16300000), size: 839680 (result: 0), SymType: '-exported-', PDB: 'C:\Windows\System32\OLEAUT32.dll', fileVersion: 10.0.19041.985
C:\Windows\System32\IMM32.dll:IMM32.dll (00007FFB16B20000), size: 196608 (result: 0), SymType: '-exported-', PDB: 'C:\Windows\System32\IMM32.dll', fileVersion: 10.0.19041.2673
C:\Windows\System32\CRYPT32.dll:CRYPT32.dll (00007FFB15DC0000), size: 1400832 (result: 0), SymType: '-exported-', PDB: 'C:\Windows\System32\CRYPT32.dll', fileVersion: 10.0.19041.2486
C:\Windows\System32\WS2_32.dll:WS2_32.dll (00007FFB17370000), size: 438272 (result: 0), SymType: '-exported-', PDB: 'C:\Windows\System32\WS2_32.dll', fileVersion: 10.0.19041.546
C:\Windows\SYSTEM32\OPENGL32.dll:OPENGL32.dll (00007FFA9D120000), size: 1200128 (result: 0), SymType: '-exported-', PDB: 'C:\Windows\SYSTEM32\OPENGL32.dll', fileVersion: 10.0.19041.2193
C:\Windows\SYSTEM32\WINMM.dll:WINMM.dll (00007FFB06580000), size: 159744 (result: 0), SymType: '-exported-', PDB: 'C:\Windows\SYSTEM32\WINMM.dll', fileVersion: 10.0.19041.546
C:\Windows\SYSTEM32\WINHTTP.dll:WINHTTP.dll (00007FFB0D420000), size: 1089536 (result: 0), SymType: '-exported-', PDB: 'C:\Windows\SYSTEM32\WINHTTP.dll', fileVersion: 10.0.19041.2673
C:\Windows\SYSTEM32\HID.DLL:HID.DLL (00007FFB13CC0000), size: 53248 (result: 0), SymType: '-exported-', PDB: 'C:\Windows\SYSTEM32\HID.DLL', fileVersion: 10.0.19041.546
C:\Windows\SYSTEM32\dwmapi.dll:dwmapi.dll (00007FFB13050000), size: 192512 (result: 0), SymType: '-exported-', PDB: 'C:\Windows\SYSTEM32\dwmapi.dll', fileVersion: 10.0.19041.746
C:\Windows\SYSTEM32\GLU32.dll:GLU32.dll (00007FFAB8450000), size: 180224 (result: 0), SymType: '-exported-', PDB: 'C:\Windows\SYSTEM32\GLU32.dll', fileVersion: 10.0.19041.2193
C:\Windows\SYSTEM32\kernel.appcore.dll:kernel.appcore.dll (00007FFB13FA0000), size: 73728 (result: 0), SymType: '-exported-', PDB: 'C:\Windows\SYSTEM32\kernel.appcore.dll', fileVersion: 10.0.19041.546
C:\Windows\System32\bcryptPrimitives.dll:bcryptPrimitives.dll (00007FFB15F20000), size: 532480 (result: 0), SymType: '-exported-', PDB: 'C:\Windows\System32\bcryptPrimitives.dll', fileVersion: 10.0.19041.2486
C:\Windows\system32\uxtheme.dll:uxtheme.dll (00007FFB12E70000), size: 647168 (result: 0), SymType: '-exported-', PDB: 'C:\Windows\system32\uxtheme.dll', fileVersion: 10.0.19041.2193
C:\Windows\System32\shcore.dll:shcore.dll (00007FFB17D20000), size: 708608 (result: 0), SymType: '-exported-', PDB: 'C:\Windows\System32\shcore.dll', fileVersion: 10.0.19041.1865
Z:\Git\Flappy_bird\Builds\Windows\Curr6\MonoBleedingEdge\EmbedRuntime\mono-2.0-bdwgc.dll:mono-2.0-bdwgc.dll (00007FFA95550000), size: 10690560 (result: 0), SymType: '-exported-', PDB: 'Z:\Git\Flappy_bird\Builds\Windows\Curr6\MonoBleedingEdge\EmbedRuntime\mono-2.0-bdwgc.dll'
C:\Windows\SYSTEM32\windows.storage.dll:windows.storage.dll (00007FFB13520000), size: 7942144 (result: 0), SymType: '-exported-', PDB: 'C:\Windows\SYSTEM32\windows.storage.dll', fileVersion: 10.0.19041.2788
C:\Windows\SYSTEM32\Wldp.dll:Wldp.dll (00007FFB15190000), size: 188416 (result: 0), SymType: '-exported-', PDB: 'C:\Windows\SYSTEM32\Wldp.dll', fileVersion: 10.0.19041.2788
C:\Windows\SYSTEM32\profapi.dll:profapi.dll (00007FFB156E0000), size: 126976 (result: 0), SymType: '-nosymbols-', PDB: 'C:\Windows\SYSTEM32\profapi.dll', fileVersion: 10.0.19041.844
C:\Windows\SYSTEM32\iphlpapi.dll:iphlpapi.dll (00007FFB14B90000), size: 245760 (result: 0), SymType: '-exported-', PDB: 'C:\Windows\SYSTEM32\iphlpapi.dll', fileVersion: 10.0.19041.2788
C:\Windows\System32\MSCTF.dll:MSCTF.dll (00007FFB17510000), size: 1130496 (result: 0), SymType: '-exported-', PDB: 'C:\Windows\System32\MSCTF.dll', fileVersion: 10.0.19041.2673
C:\Windows\System32\clbcatq.dll:clbcatq.dll (00007FFB161F0000), size: 692224 (result: 0), SymType: '-exported-', PDB: 'C:\Windows\System32\clbcatq.dll', fileVersion: 2001.12.10941.16384
C:\Windows\System32\MMDevApi.dll:MMDevApi.dll (00007FFB0D2D0000), size: 544768 (result: 0), SymType: '-exported-', PDB: 'C:\Windows\System32\MMDevApi.dll', fileVersion: 10.0.19041.1503
C:\Windows\System32\DEVOBJ.dll:DEVOBJ.dll (00007FFB15360000), size: 180224 (result: 0), SymType: '-exported-', PDB: 'C:\Windows\System32\DEVOBJ.dll', fileVersion: 10.0.19041.1620
C:\Windows\SYSTEM32\AUDIOSES.DLL:AUDIOSES.DLL (00007FFAF5390000), size: 1581056 (result: 0), SymType: '-exported-', PDB: 'C:\Windows\SYSTEM32\AUDIOSES.DLL', fileVersion: 10.0.19041.2364
C:\Windows\SYSTEM32\powrprof.dll:powrprof.dll (00007FFB14D00000), size: 307200 (result: 0), SymType: '-exported-', PDB: 'C:\Windows\SYSTEM32\powrprof.dll', fileVersion: 10.0.19041.546
C:\Windows\SYSTEM32\UMPDC.dll:UMPDC.dll (00007FFB14B70000), size: 73728 (result: 0), SymType: '-exported-', PDB: 'C:\Windows\SYSTEM32\UMPDC.dll'
C:\Windows\SYSTEM32\resourcepolicyclient.dll:resourcepolicyclient.dll (00007FFB12F50000), size: 81920 (result: 0), SymType: '-exported-', PDB: 'C:\Windows\SYSTEM32\resourcepolicyclient.dll', fileVersion: 10.0.19041.546
C:\Windows\SYSTEM32\dbghelp.dll:dbghelp.dll (00007FFB13D90000), size: 1982464 (result: 0), SymType: '-exported-', PDB: 'C:\Windows\SYSTEM32\dbghelp.dll', fileVersion: 10.0.19041.867
C:\Windows\SYSTEM32\SspiCli.dll:SspiCli.dll (00007FFB15660000), size: 204800 (result: 0), SymType: '-deferred-', PDB: '', fileVersion: 10.0.19041.2130
  ERROR: SymGetSymFromAddr64, GetLastError: 'The specified module could not be found.' (Address: 0000022CBF5203A6)
  ERROR: SymGetModuleInfo64, GetLastError: 'A dynamic link library (DLL) initialization routine failed.' (Address: 0000022CBF5203A6)
0x0000022CBF5203A6 ((<unknown>)) (function-name not available)
0x0000022DA14E89F3 (Mono JIT Code) System.Text.Encoding:GetEncoding (string)
0x0000022DA14E8643 (Mono JIT Code) System.Text.EncodingHelper:GetDefaultEncoding ()
0x0000022DA14E858B (Mono JIT Code) System.Text.Encoding:CreateDefaultEncoding ()
0x0000022DA14E84EB (Mono JIT Code) System.Text.Encoding:get_Default ()
0x0000022DA14E7203 (Mono JIT Code) System.Text.Encoding:GetEncoding (int)
0x0000022CBF5C5B7B (Mono JIT Code) System.Console:.cctor ()
0x0000022CBF5C0FC5 (Mono JIT Code) (wrapper runtime-invoke) object:runtime_invoke_void (object,intptr,intptr,intptr)
0x00007FFA957D0394 (mono-2.0-bdwgc) mono_jit_set_domain
0x00007FFA9570EB44 (mono-2.0-bdwgc) mono_object_get_virtual_method
0x00007FFA95709BF0 (mono-2.0-bdwgc) mono_runtime_class_init
0x00007FFA957C7B1E (mono-2.0-bdwgc) mono_unity_class_has_failure
0x00007FFA957CE2BC (mono-2.0-bdwgc) mono_jit_set_domain
0x00007FFA958C122F (mono-2.0-bdwgc) mono_install_ftnptr_eh_callback
0x00007FFA958C1DF8 (mono-2.0-bdwgc) mono_install_ftnptr_eh_callback
  ERROR: SymGetSymFromAddr64, GetLastError: 'The specified module could not be found.' (Address: 0000022CBF5203A6)
  ERROR: SymGetModuleInfo64, GetLastError: 'A dynamic link library (DLL) initialization routine failed.' (Address: 0000022CBF5203A6)
0x0000022CBF5203A6 ((<unknown>)) (function-name not available)
0x0000022CBF5C1D13 (Mono JIT Code) UnityEngine.UnityLogWriter:Init ()
0x0000022CBF5C1C9B (Mono JIT Code) UnityEngine.ClassLibraryInitializer:Init ()
0x0000022CBF5C1575 (Mono JIT Code) (wrapper runtime-invoke) object:runtime_invoke_void (object,intptr,intptr,intptr)
0x00007FFA957D0394 (mono-2.0-bdwgc) mono_jit_set_domain
0x00007FFA9570EB44 (mono-2.0-bdwgc) mono_object_get_virtual_method
0x00007FFA9570ECDC (mono-2.0-bdwgc) mono_runtime_invoke
0x00007FFA2224E119 (UnityPlayer) UnityMain
  ERROR: SymGetSymFromAddr64, GetLastError: 'Attempt to access invalid address.' (Address: 00007FFA221B6EF3)
0x00007FFA221B6EF3 (UnityPlayer) (function-name not available)
  ERROR: SymGetSymFromAddr64, GetLastError: 'Attempt to access invalid address.' (Address: 00007FFA221B7639)
0x00007FFA221B7639 (UnityPlayer) (function-name not available)
  ERROR: SymGetSymFromAddr64, GetLastError: 'Attempt to access invalid address.' (Address: 00007FFA221B4D7C)
0x00007FFA221B4D7C (UnityPlayer) (function-name not available)
  ERROR: SymGetSymFromAddr64, GetLastError: 'Attempt to access invalid address.' (Address: 00007FFA2222CA6F)
0x00007FFA2222CA6F (UnityPlayer) (function-name not available)
  ERROR: SymGetSymFromAddr64, GetLastError: 'Attempt to access invalid address.' (Address: 00007FFA2221B26C)
0x00007FFA2221B26C (UnityPlayer) (function-name not available)
  ERROR: SymGetSymFromAddr64, GetLastError: 'Attempt to access invalid address.' (Address: 00007FFA2221B8E8)
0x00007FFA2221B8E8 (UnityPlayer) (function-name not available)
  ERROR: SymGetSymFromAddr64, GetLastError: 'Attempt to access invalid address.' (Address: 00007FFA21DC8CCA)
0x00007FFA21DC8CCA (UnityPlayer) (function-name not available)
  ERROR: SymGetSymFromAddr64, GetLastError: 'Attempt to access invalid address.' (Address: 00007FFA21BB74F6)
0x00007FFA21BB74F6 (UnityPlayer) (function-name not available)
  ERROR: SymGetSymFromAddr64, GetLastError: 'Attempt to access invalid address.' (Address: 00007FFA21DC9CB8)
0x00007FFA21DC9CB8 (UnityPlayer) (function-name not available)
  ERROR: SymGetSymFromAddr64, GetLastError: 'Attempt to access invalid address.' (Address: 00007FFA22246B2B)
0x00007FFA22246B2B (UnityPlayer) (function-name not available)
0x00007FFA222474AB (UnityPlayer) UnityMain
  ERROR: SymGetSymFromAddr64, GetLastError: 'Attempt to access invalid address.' (Address: 00007FF626F311F2)
0x00007FF626F311F2 (Flappy_bird) (function-name not available)
0x00007FFB16FA7604 (KERNEL32) BaseThreadInitThunk
0x00007FFB180E26A1 (ntdll) RtlUserThreadStart

========== END OF STACKTRACE ===========

A crash has been intercepted by the crash handler. For call stack and other details, see the latest crash report generated in:
 * C:/Users/Kevinn/AppData/Local/Temp/DefaultCompany/Flappy_bird/Crashes
