Mono path[0] = 'Z:/Git/Flappy_bird/Builds/Windows/Curr30/Flappy_bird_Data/Managed'
Mono config path = 'Z:/Git/Flappy_bird/Builds/Windows/Curr30/MonoBleedingEdge/etc'
Initialize engine version: 2022.2.11f1 (621cd60d08fd)
[Subsystems] Discovering subsystems at path Z:/Git/Flappy_bird/Builds/Windows/Curr30/Flappy_bird_Data/UnitySubsystems
Forcing GfxDevice: Null
GfxDevice: creating device client; threaded=0; jobified=0
NullGfxDevice:
    Version:  NULL 1.0 [1.0]
    Renderer: Null Device
    Vendor:   Unity Technologies
Begin MonoManager ReloadAssembly
- Loaded All Assemblies, in  0.191 seconds
- Finished resetting the current domain, in  0.003 seconds
ERROR: Shader Sprites/Default shader is not supported on this GPU (none of subshaders/fallbacks are suitable)
Microsoft Media Foundation video decoding to texture disabled: graphics device is Null, only Direct3D 11 and Direct3D 12 (only on desktop) are supported for hardware-accelerated video decoding.
ERROR: Shader Sprites/Mask shader is not supported on this GPU (none of subshaders/fallbacks are suitable)

=================================================================
	Native Crash Reporting
=================================================================
Got a UNKNOWN while executing native code. This usually indicates
a fatal error in the mono runtime or one of the native libraries 
used by your application.
=================================================================

=================================================================
	Managed Stacktrace:
=================================================================
=================================================================
Crash!!!
SymInit: Symbol-SearchPath: '.;Z:\Git\Flappy_bird\TrainerConfig;Z:\Git\Flappy_bird\Builds\Windows\Curr30;C:\Windows;C:\Windows\system32;', symOptions: 534, UserName: 'Kevinn'
OS-Version: 10.0.0
Z:\Git\Flappy_bird\Builds\Windows\Curr30\Flappy_bird.exe:Flappy_bird.exe (00007FF7F9A50000), size: 688128 (result: 0), SymType: '-deferred-', PDB: '', fileVersion: 2022.2.11.7382
C:\Windows\SYSTEM32\ntdll.dll:ntdll.dll (00007FFCD05F0000), size: 2064384 (result: 0), SymType: '-deferred-', PDB: '', fileVersion: 10.0.19041.2788
C:\Windows\System32\KERNEL32.DLL:KERNEL32.DLL (00007FFCCF670000), size: 782336 (result: 0), SymType: '-deferred-', PDB: '', fileVersion: 10.0.19041.2788
C:\Windows\System32\KERNELBASE.dll:KERNELBASE.dll (00007FFCCDDA0000), size: 2990080 (result: 0), SymType: '-deferred-', PDB: '', fileVersion: 10.0.19041.2788
Z:\Git\Flappy_bird\Builds\Windows\Curr30\UnityPlayer.dll:UnityPlayer.dll (00007FFB19BD0000), size: 31268864 (result: 0), SymType: '-deferred-', PDB: '', fileVersion: 2022.2.11.7382
C:\Windows\System32\USER32.dll:USER32.dll (00007FFCCF3A0000), size: 1691648 (result: 0), SymType: '-deferred-', PDB: '', fileVersion: 10.0.19041.2788
C:\Windows\System32\win32u.dll:win32u.dll (00007FFCCDD70000), size: 139264 (result: 0), SymType: '-deferred-', PDB: '', fileVersion: 10.0.19041.2846
C:\Windows\System32\GDI32.dll:GDI32.dll (00007FFCCF100000), size: 176128 (result: 0), SymType: '-deferred-', PDB: '', fileVersion: 10.0.19041.2130
C:\Windows\System32\gdi32full.dll:gdi32full.dll (00007FFCCE440000), size: 1114112 (result: 0), SymType: '-deferred-', PDB: '', fileVersion: 10.0.19041.2788
C:\Windows\System32\msvcp_win.dll:msvcp_win.dll (00007FFCCE240000), size: 643072 (result: 0), SymType: '-deferred-', PDB: '', fileVersion: 10.0.19041.789
C:\Windows\System32\ucrtbase.dll:ucrtbase.dll (00007FFCCE0B0000), size: 1048576 (result: 0), SymType: '-deferred-', PDB: '', fileVersion: 10.0.19041.789
C:\Windows\System32\ole32.dll:ole32.dll (00007FFCCE800000), size: 1220608 (result: 0), SymType: '-deferred-', PDB: '', fileVersion: 10.0.19041.1202
C:\Windows\System32\RPCRT4.dll:RPCRT4.dll (00007FFCD0210000), size: 1204224 (result: 0), SymType: '-deferred-', PDB: '', fileVersion: 10.0.19041.2846
C:\Windows\System32\combase.dll:combase.dll (00007FFCCEDA0000), size: 3489792 (result: 0), SymType: '-deferred-', PDB: '', fileVersion: 10.0.19041.2788
C:\Windows\System32\SHLWAPI.dll:SHLWAPI.dll (00007FFCCF540000), size: 348160 (result: 0), SymType: '-deferred-', PDB: '', fileVersion: 10.0.19041.2075
C:\Windows\SYSTEM32\VERSION.dll:VERSION.dll (00007FFCCD890000), size: 40960 (result: 0), SymType: '-deferred-', PDB: '', fileVersion: 10.0.19041.546
C:\Windows\System32\msvcrt.dll:msvcrt.dll (00007FFCCF2F0000), size: 647168 (result: 0), SymType: '-deferred-', PDB: '', fileVersion: 7.0.19041.546
C:\Windows\System32\SETUPAPI.dll:SETUPAPI.dll (00007FFCCE930000), size: 4620288 (result: 0), SymType: '-deferred-', PDB: '', fileVersion: 10.0.19041.2193
C:\Windows\System32\cfgmgr32.dll:cfgmgr32.dll (00007FFCCE550000), size: 319488 (result: 0), SymType: '-deferred-', PDB: '', fileVersion: 10.0.19041.1620
C:\Windows\System32\bcrypt.dll:bcrypt.dll (00007FFCCE080000), size: 159744 (result: 0), SymType: '-deferred-', PDB: '', fileVersion: 10.0.19041.2486
C:\Windows\System32\ADVAPI32.dll:ADVAPI32.dll (00007FFCD0040000), size: 712704 (result: 0), SymType: '-deferred-', PDB: '', fileVersion: 10.0.19041.2130
C:\Windows\System32\sechost.dll:sechost.dll (00007FFCCE760000), size: 638976 (result: 0), SymType: '-deferred-', PDB: '', fileVersion: 10.0.19041.2846
C:\Windows\System32\SHELL32.dll:SHELL32.dll (00007FFCCF730000), size: 7618560 (result: 0), SymType: '-deferred-', PDB: '', fileVersion: 10.0.19041.2788
C:\Windows\System32\OLEAUT32.dll:OLEAUT32.dll (00007FFCCF5A0000), size: 839680 (result: 0), SymType: '-deferred-', PDB: '', fileVersion: 10.0.19041.985
C:\Windows\System32\IMM32.dll:IMM32.dll (00007FFCCFF60000), size: 196608 (result: 0), SymType: '-deferred-', PDB: '', fileVersion: 10.0.19041.2673
C:\Windows\System32\CRYPT32.dll:CRYPT32.dll (00007FFCCE2E0000), size: 1400832 (result: 0), SymType: '-deferred-', PDB: '', fileVersion: 10.0.19041.2486
C:\Windows\System32\WS2_32.dll:WS2_32.dll (00007FFCD01A0000), size: 438272 (result: 0), SymType: '-deferred-', PDB: '', fileVersion: 10.0.19041.546
C:\Windows\SYSTEM32\OPENGL32.dll:OPENGL32.dll (00007FFC43080000), size: 1200128 (result: 0), SymType: '-deferred-', PDB: '', fileVersion: 10.0.19041.2193
C:\Windows\SYSTEM32\WINMM.dll:WINMM.dll (00007FFCBE5E0000), size: 159744 (result: 0), SymType: '-deferred-', PDB: '', fileVersion: 10.0.19041.546
C:\Windows\SYSTEM32\WINHTTP.dll:WINHTTP.dll (00007FFCC6020000), size: 1089536 (result: 0), SymType: '-deferred-', PDB: '', fileVersion: 10.0.19041.2673
C:\Windows\SYSTEM32\HID.DLL:HID.DLL (00007FFCCC950000), size: 53248 (result: 0), SymType: '-deferred-', PDB: '', fileVersion: 10.0.19041.546
C:\Windows\SYSTEM32\GLU32.dll:GLU32.dll (00007FFC3B6B0000), size: 180224 (result: 0), SymType: '-deferred-', PDB: '', fileVersion: 10.0.19041.2193
C:\Windows\SYSTEM32\dwmapi.dll:dwmapi.dll (00007FFCCB5B0000), size: 192512 (result: 0), SymType: '-deferred-', PDB: '', fileVersion: 10.0.19041.746
C:\Windows\SYSTEM32\kernel.appcore.dll:kernel.appcore.dll (00007FFCCC4F0000), size: 73728 (result: 0), SymType: '-deferred-', PDB: '', fileVersion: 10.0.19041.546
C:\Windows\System32\bcryptPrimitives.dll:bcryptPrimitives.dll (00007FFCCE1B0000), size: 532480 (result: 0), SymType: '-deferred-', PDB: '', fileVersion: 10.0.19041.2486
C:\Windows\system32\uxtheme.dll:uxtheme.dll (00007FFCCB3B0000), size: 647168 (result: 0), SymType: '-deferred-', PDB: '', fileVersion: 10.0.19041.2193
C:\Windows\System32\shcore.dll:shcore.dll (00007FFCCFF90000), size: 708608 (result: 0), SymType: '-deferred-', PDB: '', fileVersion: 10.0.19041.1865
Z:\Git\Flappy_bird\Builds\Windows\Curr30\MonoBleedingEdge\EmbedRuntime\mono-2.0-bdwgc.dll:mono-2.0-bdwgc.dll (00007FFBD7C90000), size: 10690560 (result: 0), SymType: '-deferred-', PDB: ''
C:\Windows\SYSTEM32\windows.storage.dll:windows.storage.dll (00007FFCCBD50000), size: 7942144 (result: 0), SymType: '-deferred-', PDB: '', fileVersion: 10.0.19041.2788
C:\Windows\SYSTEM32\Wldp.dll:Wldp.dll (00007FFCCD6F0000), size: 188416 (result: 0), SymType: '-deferred-', PDB: '', fileVersion: 10.0.19041.2788
C:\Windows\SYSTEM32\profapi.dll:profapi.dll (00007FFCCDC40000), size: 126976 (result: 0), SymType: '-deferred-', PDB: '', fileVersion: 10.0.19041.844
C:\Windows\SYSTEM32\iphlpapi.dll:iphlpapi.dll (00007FFCCD0F0000), size: 245760 (result: 0), SymType: '-deferred-', PDB: '', fileVersion: 10.0.19041.2788
C:\Windows\System32\MSCTF.dll:MSCTF.dll (00007FFCD0400000), size: 1130496 (result: 0), SymType: '-deferred-', PDB: '', fileVersion: 10.0.19041.2673
C:\Windows\System32\clbcatq.dll:clbcatq.dll (00007FFCD00F0000), size: 692224 (result: 0), SymType: '-deferred-', PDB: '', fileVersion: 2001.12.10941.16384
C:\Windows\System32\MMDevApi.dll:MMDevApi.dll (00007FFCC6310000), size: 544768 (result: 0), SymType: '-deferred-', PDB: '', fileVersion: 10.0.19041.1503
C:\Windows\System32\DEVOBJ.dll:DEVOBJ.dll (00007FFCCD8C0000), size: 180224 (result: 0), SymType: '-deferred-', PDB: '', fileVersion: 10.0.19041.1620
C:\Windows\SYSTEM32\AUDIOSES.DLL:AUDIOSES.DLL (00007FFCB1040000), size: 1581056 (result: 0), SymType: '-deferred-', PDB: '', fileVersion: 10.0.19041.2364
C:\Windows\SYSTEM32\powrprof.dll:powrprof.dll (00007FFCCD210000), size: 307200 (result: 0), SymType: '-deferred-', PDB: '', fileVersion: 10.0.19041.546
C:\Windows\SYSTEM32\UMPDC.dll:UMPDC.dll (00007FFCCD0D0000), size: 73728 (result: 0), SymType: '-deferred-', PDB: ''
C:\Windows\SYSTEM32\resourcepolicyclient.dll:resourcepolicyclient.dll (00007FFCCB4B0000), size: 81920 (result: 0), SymType: '-deferred-', PDB: '', fileVersion: 10.0.19041.546
Z:\Git\Flappy_bird\Builds\Windows\Curr30\Flappy_bird_Data\Plugins\x86_64\lib_burst_generated.dll:lib_burst_generated.dll (00007FFC34580000), size: 1019904 (result: 0), SymType: '-deferred-', PDB: ''
C:\Windows\SYSTEM32\dbghelp.dll:dbghelp.dll (00007FFCCBB40000), size: 1982464 (result: 0), SymType: '-deferred-', PDB: '', fileVersion: 10.0.19041.867
C:\Windows\SYSTEM32\SspiCli.dll:SspiCli.dll (00007FFCCDBF0000), size: 204800 (result: 0), SymType: '-deferred-', PDB: '', fileVersion: 10.0.19041.2130

========== OUTPUTTING STACK TRACE ==================

SymInit: Symbol-SearchPath: '.;Z:\Git\Flappy_bird\TrainerConfig;Z:\Git\Flappy_bird\Builds\Windows\Curr30;C:\Windows;C:\Windows\system32;', symOptions: 534, UserName: 'Kevinn'
OS-Version: 10.0.0
Z:\Git\Flappy_bird\Builds\Windows\Curr30\Flappy_bird.exe:Flappy_bird.exe (00007FF7F9A50000), size: 688128 (result: 0), SymType: '-exported-', PDB: 'Z:\Git\Flappy_bird\Builds\Windows\Curr30\Flappy_bird.exe', fileVersion: 2022.2.11.7382
C:\Windows\SYSTEM32\ntdll.dll:ntdll.dll (00007FFCD05F0000), size: 2064384 (result: 0), SymType: '-nosymbols-', PDB: 'C:\Windows\SYSTEM32\ntdll.dll', fileVersion: 10.0.19041.2788
C:\Windows\System32\KERNEL32.DLL:KERNEL32.DLL (00007FFCCF670000), size: 782336 (result: 0), SymType: '-exported-', PDB: 'C:\Windows\System32\KERNEL32.DLL', fileVersion: 10.0.19041.2788
C:\Windows\System32\KERNELBASE.dll:KERNELBASE.dll (00007FFCCDDA0000), size: 2990080 (result: 0), SymType: '-nosymbols-', PDB: 'C:\Windows\System32\KERNELBASE.dll', fileVersion: 10.0.19041.2788
Z:\Git\Flappy_bird\Builds\Windows\Curr30\UnityPlayer.dll:UnityPlayer.dll (00007FFB19BD0000), size: 31268864 (result: 0), SymType: '-exported-', PDB: 'Z:\Git\Flappy_bird\Builds\Windows\Curr30\UnityPlayer.dll', fileVersion: 2022.2.11.7382
C:\Windows\System32\USER32.dll:USER32.dll (00007FFCCF3A0000), size: 1691648 (result: 0), SymType: '-exported-', PDB: 'C:\Windows\System32\USER32.dll', fileVersion: 10.0.19041.2788
C:\Windows\System32\win32u.dll:win32u.dll (00007FFCCDD70000), size: 139264 (result: 0), SymType: '-exported-', PDB: 'C:\Windows\System32\win32u.dll', fileVersion: 10.0.19041.2846
C:\Windows\System32\GDI32.dll:GDI32.dll (00007FFCCF100000), size: 176128 (result: 0), SymType: '-nosymbols-', PDB: 'C:\Windows\System32\GDI32.dll', fileVersion: 10.0.19041.2130
C:\Windows\System32\gdi32full.dll:gdi32full.dll (00007FFCCE440000), size: 1114112 (result: 0), SymType: '-exported-', PDB: 'C:\Windows\System32\gdi32full.dll', fileVersion: 10.0.19041.2788
C:\Windows\System32\msvcp_win.dll:msvcp_win.dll (00007FFCCE240000), size: 643072 (result: 0), SymType: '-nosymbols-', PDB: 'C:\Windows\System32\msvcp_win.dll', fileVersion: 10.0.19041.789
C:\Windows\System32\ucrtbase.dll:ucrtbase.dll (00007FFCCE0B0000), size: 1048576 (result: 0), SymType: '-nosymbols-', PDB: 'C:\Windows\System32\ucrtbase.dll', fileVersion: 10.0.19041.789
C:\Windows\System32\ole32.dll:ole32.dll (00007FFCCE800000), size: 1220608 (result: 0), SymType: '-exported-', PDB: 'C:\Windows\System32\ole32.dll', fileVersion: 10.0.19041.1202
C:\Windows\System32\RPCRT4.dll:RPCRT4.dll (00007FFCD0210000), size: 1204224 (result: 0), SymType: '-nosymbols-', PDB: 'C:\Windows\System32\RPCRT4.dll', fileVersion: 10.0.19041.2846
C:\Windows\System32\combase.dll:combase.dll (00007FFCCEDA0000), size: 3489792 (result: 0), SymType: '-exported-', PDB: 'C:\Windows\System32\combase.dll', fileVersion: 10.0.19041.2788
C:\Windows\System32\SHLWAPI.dll:SHLWAPI.dll (00007FFCCF540000), size: 348160 (result: 0), SymType: '-nosymbols-', PDB: 'C:\Windows\System32\SHLWAPI.dll', fileVersion: 10.0.19041.2075
C:\Windows\SYSTEM32\VERSION.dll:VERSION.dll (00007FFCCD890000), size: 40960 (result: 0), SymType: '-nosymbols-', PDB: 'C:\Windows\SYSTEM32\VERSION.dll', fileVersion: 10.0.19041.546
C:\Windows\System32\msvcrt.dll:msvcrt.dll (00007FFCCF2F0000), size: 647168 (result: 0), SymType: '-nosymbols-', PDB: 'C:\Windows\System32\msvcrt.dll', fileVersion: 7.0.19041.546
C:\Windows\System32\SETUPAPI.dll:SETUPAPI.dll (00007FFCCE930000), size: 4620288 (result: 0), SymType: '-nosymbols-', PDB: 'C:\Windows\System32\SETUPAPI.dll', fileVersion: 10.0.19041.2193
C:\Windows\System32\cfgmgr32.dll:cfgmgr32.dll (00007FFCCE550000), size: 319488 (result: 0), SymType: '-nosymbols-', PDB: 'C:\Windows\System32\cfgmgr32.dll', fileVersion: 10.0.19041.1620
C:\Windows\System32\bcrypt.dll:bcrypt.dll (00007FFCCE080000), size: 159744 (result: 0), SymType: '-nosymbols-', PDB: 'C:\Windows\System32\bcrypt.dll', fileVersion: 10.0.19041.2486
C:\Windows\System32\ADVAPI32.dll:ADVAPI32.dll (00007FFCD0040000), size: 712704 (result: 0), SymType: '-nosymbols-', PDB: 'C:\Windows\System32\ADVAPI32.dll', fileVersion: 10.0.19041.2130
C:\Windows\System32\sechost.dll:sechost.dll (00007FFCCE760000), size: 638976 (result: 0), SymType: '-nosymbols-', PDB: 'C:\Windows\System32\sechost.dll', fileVersion: 10.0.19041.2846
C:\Windows\System32\SHELL32.dll:SHELL32.dll (00007FFCCF730000), size: 7618560 (result: 0), SymType: '-nosymbols-', PDB: 'C:\Windows\System32\SHELL32.dll', fileVersion: 10.0.19041.2788
C:\Windows\System32\OLEAUT32.dll:OLEAUT32.dll (00007FFCCF5A0000), size: 839680 (result: 0), SymType: '-nosymbols-', PDB: 'C:\Windows\System32\OLEAUT32.dll', fileVersion: 10.0.19041.985
C:\Windows\System32\IMM32.dll:IMM32.dll (00007FFCCFF60000), size: 196608 (result: 0), SymType: '-exported-', PDB: 'C:\Windows\System32\IMM32.dll', fileVersion: 10.0.19041.2673
C:\Windows\System32\CRYPT32.dll:CRYPT32.dll (00007FFCCE2E0000), size: 1400832 (result: 0), SymType: '-nosymbols-', PDB: 'C:\Windows\System32\CRYPT32.dll', fileVersion: 10.0.19041.2486
C:\Windows\System32\WS2_32.dll:WS2_32.dll (00007FFCD01A0000), size: 438272 (result: 0), SymType: '-nosymbols-', PDB: 'C:\Windows\System32\WS2_32.dll', fileVersion: 10.0.19041.546
C:\Windows\SYSTEM32\OPENGL32.dll:OPENGL32.dll (00007FFC43080000), size: 1200128 (result: 0), SymType: '-nosymbols-', PDB: 'C:\Windows\SYSTEM32\OPENGL32.dll', fileVersion: 10.0.19041.2193
C:\Windows\SYSTEM32\WINMM.dll:WINMM.dll (00007FFCBE5E0000), size: 159744 (result: 0), SymType: '-nosymbols-', PDB: 'C:\Windows\SYSTEM32\WINMM.dll', fileVersion: 10.0.19041.546
C:\Windows\SYSTEM32\WINHTTP.dll:WINHTTP.dll (00007FFCC6020000), size: 1089536 (result: 0), SymType: '-nosymbols-', PDB: 'C:\Windows\SYSTEM32\WINHTTP.dll', fileVersion: 10.0.19041.2673
C:\Windows\SYSTEM32\HID.DLL:HID.DLL (00007FFCCC950000), size: 53248 (result: 0), SymType: '-nosymbols-', PDB: 'C:\Windows\SYSTEM32\HID.DLL', fileVersion: 10.0.19041.546
C:\Windows\SYSTEM32\GLU32.dll:GLU32.dll (00007FFC3B6B0000), size: 180224 (result: 0), SymType: '-nosymbols-', PDB: 'C:\Windows\SYSTEM32\GLU32.dll', fileVersion: 10.0.19041.2193
C:\Windows\SYSTEM32\dwmapi.dll:dwmapi.dll (00007FFCCB5B0000), size: 192512 (result: 0), SymType: '-nosymbols-', PDB: 'C:\Windows\SYSTEM32\dwmapi.dll', fileVersion: 10.0.19041.746
C:\Windows\SYSTEM32\kernel.appcore.dll:kernel.appcore.dll (00007FFCCC4F0000), size: 73728 (result: 0), SymType: '-nosymbols-', PDB: 'C:\Windows\SYSTEM32\kernel.appcore.dll', fileVersion: 10.0.19041.546
C:\Windows\System32\bcryptPrimitives.dll:bcryptPrimitives.dll (00007FFCCE1B0000), size: 532480 (result: 0), SymType: '-nosymbols-', PDB: 'C:\Windows\System32\bcryptPrimitives.dll', fileVersion: 10.0.19041.2486
C:\Windows\system32\uxtheme.dll:uxtheme.dll (00007FFCCB3B0000), size: 647168 (result: 0), SymType: '-nosymbols-', PDB: 'C:\Windows\system32\uxtheme.dll', fileVersion: 10.0.19041.2193
C:\Windows\System32\shcore.dll:shcore.dll (00007FFCCFF90000), size: 708608 (result: 0), SymType: '-nosymbols-', PDB: 'C:\Windows\System32\shcore.dll', fileVersion: 10.0.19041.1865
Z:\Git\Flappy_bird\Builds\Windows\Curr30\MonoBleedingEdge\EmbedRuntime\mono-2.0-bdwgc.dll:mono-2.0-bdwgc.dll (00007FFBD7C90000), size: 10690560 (result: 0), SymType: '-nosymbols-', PDB: 'Z:\Git\Flappy_bird\Builds\Windows\Curr30\MonoBleedingEdge\EmbedRuntime\mono-2.0-bdwgc.dll'
C:\Windows\SYSTEM32\windows.storage.dll:windows.storage.dll (00007FFCCBD50000), size: 7942144 (result: 0), SymType: '-nosymbols-', PDB: 'C:\Windows\SYSTEM32\windows.storage.dll', fileVersion: 10.0.19041.2788
C:\Windows\SYSTEM32\Wldp.dll:Wldp.dll (00007FFCCD6F0000), size: 188416 (result: 0), SymType: '-nosymbols-', PDB: 'C:\Windows\SYSTEM32\Wldp.dll', fileVersion: 10.0.19041.2788
C:\Windows\SYSTEM32\profapi.dll:profapi.dll (00007FFCCDC40000), size: 126976 (result: 0), SymType: '-nosymbols-', PDB: 'C:\Windows\SYSTEM32\profapi.dll', fileVersion: 10.0.19041.844
C:\Windows\SYSTEM32\iphlpapi.dll:iphlpapi.dll (00007FFCCD0F0000), size: 245760 (result: 0), SymType: '-nosymbols-', PDB: 'C:\Windows\SYSTEM32\iphlpapi.dll', fileVersion: 10.0.19041.2788
C:\Windows\System32\MSCTF.dll:MSCTF.dll (00007FFCD0400000), size: 1130496 (result: 0), SymType: '-nosymbols-', PDB: 'C:\Windows\System32\MSCTF.dll', fileVersion: 10.0.19041.2673
C:\Windows\System32\clbcatq.dll:clbcatq.dll (00007FFCD00F0000), size: 692224 (result: 0), SymType: '-nosymbols-', PDB: 'C:\Windows\System32\clbcatq.dll', fileVersion: 2001.12.10941.16384
C:\Windows\System32\MMDevApi.dll:MMDevApi.dll (00007FFCC6310000), size: 544768 (result: 0), SymType: '-nosymbols-', PDB: 'C:\Windows\System32\MMDevApi.dll', fileVersion: 10.0.19041.1503
C:\Windows\System32\DEVOBJ.dll:DEVOBJ.dll (00007FFCCD8C0000), size: 180224 (result: 0), SymType: '-nosymbols-', PDB: 'C:\Windows\System32\DEVOBJ.dll', fileVersion: 10.0.19041.1620
C:\Windows\SYSTEM32\AUDIOSES.DLL:AUDIOSES.DLL (00007FFCB1040000), size: 1581056 (result: 0), SymType: '-nosymbols-', PDB: 'C:\Windows\SYSTEM32\AUDIOSES.DLL', fileVersion: 10.0.19041.2364
C:\Windows\SYSTEM32\powrprof.dll:powrprof.dll (00007FFCCD210000), size: 307200 (result: 0), SymType: '-nosymbols-', PDB: 'C:\Windows\SYSTEM32\powrprof.dll', fileVersion: 10.0.19041.546
C:\Windows\SYSTEM32\UMPDC.dll:UMPDC.dll (00007FFCCD0D0000), size: 73728 (result: 0), SymType: '-nosymbols-', PDB: 'C:\Windows\SYSTEM32\UMPDC.dll'
C:\Windows\SYSTEM32\resourcepolicyclient.dll:resourcepolicyclient.dll (00007FFCCB4B0000), size: 81920 (result: 0), SymType: '-nosymbols-', PDB: 'C:\Windows\SYSTEM32\resourcepolicyclient.dll', fileVersion: 10.0.19041.546
Z:\Git\Flappy_bird\Builds\Windows\Curr30\Flappy_bird_Data\Plugins\x86_64\lib_burst_generated.dll:lib_burst_generated.dll (00007FFC34580000), size: 1019904 (result: 0), SymType: '-nosymbols-', PDB: 'Z:\Git\Flappy_bird\Builds\Windows\Curr30\Flappy_bird_Data\Plugins\x86_64\lib_burst_generated.dll'
C:\Windows\SYSTEM32\dbghelp.dll:dbghelp.dll (00007FFCCBB40000), size: 1982464 (result: 0), SymType: '-nosymbols-', PDB: 'C:\Windows\SYSTEM32\dbghelp.dll', fileVersion: 10.0.19041.867
C:\Windows\SYSTEM32\SspiCli.dll:SspiCli.dll (00007FFCCDBF0000), size: 204800 (result: 0), SymType: '-nosymbols-', PDB: 'C:\Windows\SYSTEM32\SspiCli.dll', fileVersion: 10.0.19041.2130
C:\Windows\System32\psapi.dll:psapi.dll (00007FFCD0520000), size: 32768 (result: 0), SymType: '-deferred-', PDB: '', fileVersion: 10.0.19041.546
  ERROR: SymGetSymFromAddr64, GetLastError: 'Attempt to access invalid address.' (Address: 00007FFB19F2D3DF)
0x00007FFB19F2D3DF (UnityPlayer) (function-name not available)
  ERROR: SymGetSymFromAddr64, GetLastError: 'Attempt to access invalid address.' (Address: 00007FFB19F24FBC)
0x00007FFB19F24FBC (UnityPlayer) (function-name not available)
  ERROR: SymGetSymFromAddr64, GetLastError: 'Attempt to access invalid address.' (Address: 00007FFB19F25012)
0x00007FFB19F25012 (UnityPlayer) (function-name not available)
  ERROR: SymGetSymFromAddr64, GetLastError: 'Attempt to access invalid address.' (Address: 00007FFB1A197825)
0x00007FFB1A197825 (UnityPlayer) (function-name not available)
  ERROR: SymGetSymFromAddr64, GetLastError: 'Attempt to access invalid address.' (Address: 00007FFB1A197051)
0x00007FFB1A197051 (UnityPlayer) (function-name not available)
  ERROR: SymGetSymFromAddr64, GetLastError: 'Attempt to access invalid address.' (Address: 00007FFB1A196E92)
0x00007FFB1A196E92 (UnityPlayer) (function-name not available)
  ERROR: SymGetSymFromAddr64, GetLastError: 'Attempt to access invalid address.' (Address: 00007FFB1A38CEAC)
0x00007FFB1A38CEAC (UnityPlayer) (function-name not available)
  ERROR: SymGetSymFromAddr64, GetLastError: 'Attempt to access invalid address.' (Address: 00007FFB1A38D284)
0x00007FFB1A38D284 (UnityPlayer) (function-name not available)
  ERROR: SymGetSymFromAddr64, GetLastError: 'Attempt to access invalid address.' (Address: 00007FFB1A186C7B)
0x00007FFB1A186C7B (UnityPlayer) (function-name not available)
  ERROR: SymGetSymFromAddr64, GetLastError: 'Attempt to access invalid address.' (Address: 00007FFB1A1887B4)
0x00007FFB1A1887B4 (UnityPlayer) (function-name not available)
  ERROR: SymGetSymFromAddr64, GetLastError: 'Attempt to access invalid address.' (Address: 00007FFB1A1889E7)
0x00007FFB1A1889E7 (UnityPlayer) (function-name not available)
  ERROR: SymGetSymFromAddr64, GetLastError: 'Attempt to access invalid address.' (Address: 00007FFB1A1884F9)
0x00007FFB1A1884F9 (UnityPlayer) (function-name not available)
  ERROR: SymGetSymFromAddr64, GetLastError: 'Attempt to access invalid address.' (Address: 00007FFB1A25FAAE)
0x00007FFB1A25FAAE (UnityPlayer) (function-name not available)
0x00007FFCCF687604 (KERNEL32) BaseThreadInitThunk
  ERROR: SymGetSymFromAddr64, GetLastError: 'Attempt to access invalid address.' (Address: 00007FFCD06426A1)
0x00007FFCD06426A1 (ntdll) (function-name not available)

========== END OF STACKTRACE ===========

A crash has been intercepted by the crash handler. For call stack and other details, see the latest crash report generated in:
 * C:/Users/Kevinn/AppData/Local/Temp/DefaultCompany/Flappy_bird/Crashes
